TpTrace Verbose: 0 : 22812, 1, 2022/11/29, 21:20:16.697, 7051803886763, vstest.console.dll, Version: 17.4.0-release-20221019-01 Current process architecture: X64
TpTrace Verbose: 0 : 22812, 1, 2022/11/29, 21:20:16.700, 7051803916398, vstest.console.dll, Runtime location: C:\Program Files\dotnet\shared\Microsoft.NETCore.App\7.0.0
TpTrace Verbose: 0 : 22812, 1, 2022/11/29, 21:20:16.705, 7051803967236, vstest.console.dll, ArtifactProcessingPostProcessModeProcessorExecutor.Initialize: ArtifactProcessingMode.Collect
TpTrace Verbose: 0 : 22812, 1, 2022/11/29, 21:20:16.706, 7051803969430, vstest.console.dll, TestSessionCorrelationIdProcessorModeProcessorExecutor.Initialize: TestSessionCorrelationId '13224_365cd761-9525-49ce-a08d-52ba8e525fa3'
TpTrace Information: 0 : 22812, 1, 2022/11/29, 21:20:16.721, 7051804121861, vstest.console.dll, FilePatternParser: The given file C:\Projects\NET\Stack\Stack.Tests\bin\Debug\net6.0\fine-code-coverage\build-output\Stack.Tests.dll is a full path.
TpTrace Verbose: 0 : 22812, 1, 2022/11/29, 21:20:16.734, 7051804251211, vstest.console.dll, TestPluginCache.DiscoverTestExtensions: finding test extensions in assemblies ends with: RuntimeProvider.dll TPluginInfo: Microsoft.VisualStudio.TestPlatform.Common.ExtensionFramework.Utilities.TestRuntimePluginInformation TExtension: Microsoft.VisualStudio.TestPlatform.ObjectModel.Host.ITestRuntimeProvider
TpTrace Verbose: 0 : 22812, 1, 2022/11/29, 21:20:16.734, 7051804256097, vstest.console.dll, TestPluginCache.GetExtensionPaths: Filtered extension paths: 
TpTrace Verbose: 0 : 22812, 1, 2022/11/29, 21:20:16.734, 7051804257838, vstest.console.dll, TestPluginCache.GetExtensionPaths: Added default extension paths: C:\Program Files\dotnet\sdk\7.0.100\Extensions\Microsoft.Diagnostics.NETCore.Client.dll
C:\Program Files\dotnet\sdk\7.0.100\Extensions\Microsoft.TestPlatform.Extensions.BlameDataCollector.dll
C:\Program Files\dotnet\sdk\7.0.100\Extensions\Microsoft.TestPlatform.Extensions.EventLogCollector.dll
C:\Program Files\dotnet\sdk\7.0.100\Extensions\Microsoft.TestPlatform.TestHostRuntimeProvider.dll
C:\Program Files\dotnet\sdk\7.0.100\Extensions\Microsoft.VisualStudio.TestPlatform.Extensions.Html.TestLogger.dll
C:\Program Files\dotnet\sdk\7.0.100\Extensions\Microsoft.VisualStudio.TestPlatform.Extensions.Trx.TestLogger.dll
TpTrace Verbose: 0 : 22812, 1, 2022/11/29, 21:20:16.735, 7051804258833, vstest.console.dll, TestPluginCache.GetExtensionPaths: Added unfilterableExtensionPaths: 
TpTrace Information: 0 : 22812, 1, 2022/11/29, 21:20:16.736, 7051804271206, vstest.console.dll, AssemblyResolver.ctor: Creating AssemblyResolver with searchDirectories C:\Program Files\dotnet\sdk\7.0.100\Extensions,C:\Program Files\dotnet\sdk\7.0.100
TpTrace Verbose: 0 : 22812, 1, 2022/11/29, 21:20:16.738, 7051804296678, vstest.console.dll, TestPluginCache.DiscoverTestExtensions: Discovering the extensions using extension path.
TpTrace Verbose: 0 : 22812, 1, 2022/11/29, 21:20:16.739, 7051804299030, vstest.console.dll, TestPluginCache.GetExtensionPaths: Filtered extension paths: 
TpTrace Verbose: 0 : 22812, 1, 2022/11/29, 21:20:16.739, 7051804299832, vstest.console.dll, TestPluginCache.GetExtensionPaths: Added default extension paths: C:\Program Files\dotnet\sdk\7.0.100\Extensions\Microsoft.Diagnostics.NETCore.Client.dll
C:\Program Files\dotnet\sdk\7.0.100\Extensions\Microsoft.TestPlatform.Extensions.BlameDataCollector.dll
C:\Program Files\dotnet\sdk\7.0.100\Extensions\Microsoft.TestPlatform.Extensions.EventLogCollector.dll
C:\Program Files\dotnet\sdk\7.0.100\Extensions\Microsoft.TestPlatform.TestHostRuntimeProvider.dll
C:\Program Files\dotnet\sdk\7.0.100\Extensions\Microsoft.VisualStudio.TestPlatform.Extensions.Html.TestLogger.dll
C:\Program Files\dotnet\sdk\7.0.100\Extensions\Microsoft.VisualStudio.TestPlatform.Extensions.Trx.TestLogger.dll
TpTrace Verbose: 0 : 22812, 1, 2022/11/29, 21:20:16.739, 7051804300530, vstest.console.dll, TestPluginCache.GetExtensionPaths: Added unfilterableExtensionPaths: 
TpTrace Verbose: 0 : 22812, 1, 2022/11/29, 21:20:16.739, 7051804302284, vstest.console.dll, TestPluginCache.DiscoverTestExtensions: Discovering the extensions using allExtensionPaths: C:\Program Files\dotnet\sdk\7.0.100\Extensions\Microsoft.Diagnostics.NETCore.Client.dll
C:\Program Files\dotnet\sdk\7.0.100\Extensions\Microsoft.TestPlatform.Extensions.BlameDataCollector.dll
C:\Program Files\dotnet\sdk\7.0.100\Extensions\Microsoft.TestPlatform.Extensions.EventLogCollector.dll
C:\Program Files\dotnet\sdk\7.0.100\Extensions\Microsoft.TestPlatform.TestHostRuntimeProvider.dll
C:\Program Files\dotnet\sdk\7.0.100\Extensions\Microsoft.VisualStudio.TestPlatform.Extensions.Html.TestLogger.dll
C:\Program Files\dotnet\sdk\7.0.100\Extensions\Microsoft.VisualStudio.TestPlatform.Extensions.Trx.TestLogger.dll
TpTrace Information: 0 : 22812, 1, 2022/11/29, 21:20:16.739, 7051804305365, vstest.console.dll, AssemblyResolver.AddSearchDirectories: Adding more searchDirectories C:\Program Files\dotnet\sdk\7.0.100\Extensions,C:\Program Files\dotnet\sdk\7.0.100
TpTrace Information: 0 : 22812, 1, 2022/11/29, 21:20:16.739, 7051804306590, vstest.console.dll, AssemblyResolver.AddSearchDirectories: Adding more searchDirectories C:\Program Files\dotnet\sdk\7.0.100\Extensions,C:\Program Files\dotnet\sdk\7.0.100
TpTrace Information: 0 : 22812, 1, 2022/11/29, 21:20:16.739, 7051804307471, vstest.console.dll, AssemblyResolver.AddSearchDirectories: Adding more searchDirectories C:\Program Files\dotnet\sdk\7.0.100\Extensions,C:\Program Files\dotnet\sdk\7.0.100
TpTrace Information: 0 : 22812, 1, 2022/11/29, 21:20:16.739, 7051804308178, vstest.console.dll, AssemblyResolver.AddSearchDirectories: Adding more searchDirectories C:\Program Files\dotnet\sdk\7.0.100\Extensions,C:\Program Files\dotnet\sdk\7.0.100
TpTrace Information: 0 : 22812, 1, 2022/11/29, 21:20:16.740, 7051804308852, vstest.console.dll, AssemblyResolver.AddSearchDirectories: Adding more searchDirectories C:\Program Files\dotnet\sdk\7.0.100\Extensions,C:\Program Files\dotnet\sdk\7.0.100
TpTrace Information: 0 : 22812, 1, 2022/11/29, 21:20:16.740, 7051804309514, vstest.console.dll, AssemblyResolver.AddSearchDirectories: Adding more searchDirectories C:\Program Files\dotnet\sdk\7.0.100\Extensions,C:\Program Files\dotnet\sdk\7.0.100
TpTrace Information: 0 : 22812, 1, 2022/11/29, 21:20:16.740, 7051804316873, vstest.console.dll, AssemblyResolver.OnResolve: Microsoft.Diagnostics.NETCore.Client: Resolving assembly.
TpTrace Information: 0 : 22812, 1, 2022/11/29, 21:20:16.740, 7051804318232, vstest.console.dll, AssemblyResolver.OnResolve: Microsoft.Diagnostics.NETCore.Client: Searching in: 'C:\Program Files\dotnet\sdk\7.0.100\Extensions'.
TpTrace Information: 0 : 22812, 1, 2022/11/29, 21:20:16.760, 7051804514593, vstest.console.dll, AssemblyResolver.OnResolve: Microsoft.Diagnostics.NETCore.Client: Loading assembly 'C:\Program Files\dotnet\sdk\7.0.100\Extensions\Microsoft.Diagnostics.NETCore.Client.dll'.
TpTrace Information: 0 : 22812, 1, 2022/11/29, 21:20:16.762, 7051804535439, vstest.console.dll, AssemblyResolver.OnResolve: Resolved assembly: Microsoft.Diagnostics.NETCore.Client, from path: C:\Program Files\dotnet\sdk\7.0.100\Extensions\Microsoft.Diagnostics.NETCore.Client.dll
TpTrace Verbose: 0 : 22812, 1, 2022/11/29, 21:20:16.765, 7051804561293, vstest.console.dll, MetadataReaderExtensionsHelper: Discovering extensions inside assembly 'Microsoft.Diagnostics.NETCore.Client, Version=0.2.6.42401, Culture=neutral, PublicKeyToken=31bf3856ad364e35' file path 'C:\Program Files\dotnet\sdk\7.0.100\Extensions\Microsoft.Diagnostics.NETCore.Client.dll'
TpTrace Information: 0 : 22812, 1, 2022/11/29, 21:20:16.776, 7051804675175, vstest.console.dll, AssemblyResolver.OnResolve: Microsoft.Bcl.AsyncInterfaces: Resolving assembly.
TpTrace Information: 0 : 22812, 1, 2022/11/29, 21:20:16.776, 7051804676962, vstest.console.dll, AssemblyResolver.OnResolve: Microsoft.Bcl.AsyncInterfaces: Searching in: 'C:\Program Files\dotnet\sdk\7.0.100\Extensions'.
TpTrace Information: 0 : 22812, 1, 2022/11/29, 21:20:16.776, 7051804678583, vstest.console.dll, AssemblyResolver.OnResolve: Microsoft.Bcl.AsyncInterfaces: Assembly path does not exist: 'C:\Program Files\dotnet\sdk\7.0.100\Extensions\Microsoft.Bcl.AsyncInterfaces.dll', returning.
TpTrace Information: 0 : 22812, 1, 2022/11/29, 21:20:16.777, 7051804681449, vstest.console.dll, AssemblyResolver.OnResolve: Microsoft.Bcl.AsyncInterfaces: Assembly path does not exist: 'C:\Program Files\dotnet\sdk\7.0.100\Extensions\Microsoft.Bcl.AsyncInterfaces.exe', returning.
TpTrace Information: 0 : 22812, 1, 2022/11/29, 21:20:16.777, 7051804684100, vstest.console.dll, AssemblyResolver.OnResolve: Microsoft.Bcl.AsyncInterfaces: Searching in: 'C:\Program Files\dotnet\sdk\7.0.100'.
TpTrace Information: 0 : 22812, 1, 2022/11/29, 21:20:16.777, 7051804686215, vstest.console.dll, AssemblyResolver.OnResolve: Microsoft.Bcl.AsyncInterfaces: Assembly path does not exist: 'C:\Program Files\dotnet\sdk\7.0.100\Microsoft.Bcl.AsyncInterfaces.dll', returning.
TpTrace Information: 0 : 22812, 1, 2022/11/29, 21:20:16.777, 7051804687557, vstest.console.dll, AssemblyResolver.OnResolve: Microsoft.Bcl.AsyncInterfaces: Assembly path does not exist: 'C:\Program Files\dotnet\sdk\7.0.100\Microsoft.Bcl.AsyncInterfaces.exe', returning.
TpTrace Information: 0 : 22812, 1, 2022/11/29, 21:20:16.777, 7051804688503, vstest.console.dll, AssemblyResolver.OnResolve: Microsoft.Bcl.AsyncInterfaces: Failed to load assembly.
TpTrace Verbose: 0 : 22812, 1, 2022/11/29, 21:20:16.778, 7051804689583, vstest.console.dll, CurrentDomainAssemblyResolve: Resolving assembly 'Microsoft.Bcl.AsyncInterfaces'.
TpTrace Information: 0 : 22812, 1, 2022/11/29, 21:20:16.778, 7051804691131, vstest.console.dll, AssemblyResolver.OnResolve: Microsoft.Bcl.AsyncInterfaces: Resolving assembly.
TpTrace Information: 0 : 22812, 1, 2022/11/29, 21:20:16.778, 7051804692113, vstest.console.dll, AssemblyResolver.OnResolve: Microsoft.Bcl.AsyncInterfaces: Resolved from cache.
TpTrace Verbose: 0 : 22812, 1, 2022/11/29, 21:20:16.778, 7051804692772, vstest.console.dll, CurrentDomainAssemblyResolve: Resolving assembly 'Microsoft.Bcl.AsyncInterfaces'.
TpTrace Verbose: 0 : 22812, 1, 2022/11/29, 21:20:16.778, 7051804693606, vstest.console.dll, CurrentDomainAssemblyResolve: Failed to resolve assembly 'Microsoft.Bcl.AsyncInterfaces'.
TpTrace Verbose: 0 : 22812, 1, 2022/11/29, 21:20:16.780, 7051804717865, vstest.console.dll, CurrentDomainAssemblyResolve: Failed to resolve assembly 'Microsoft.Bcl.AsyncInterfaces'.
TpTrace Warning: 0 : 22812, 1, 2022/11/29, 21:20:16.798, 7051804898525, vstest.console.dll, TestPluginDiscoverer: Failed to get types from assembly 'Microsoft.Diagnostics.NETCore.Client, Version=0.2.6.42401, Culture=neutral, PublicKeyToken=31bf3856ad364e35'. Error: System.Reflection.ReflectionTypeLoadException: Unable to load one or more of the requested types.
Could not load file or assembly 'Microsoft.Bcl.AsyncInterfaces, Version=1.0.0.0, Culture=neutral, PublicKeyToken=cc7b13ffcd2ddd51'. Не удается найти указанный файл.
   at System.Reflection.RuntimeModule.GetTypes(RuntimeModule module)
   at System.Reflection.Assembly.GetTypes()
   at Microsoft.VisualStudio.TestPlatform.Common.ExtensionFramework.TestPluginDiscoverer.GetTestExtensionsFromAssembly[TPluginInfo,TExtension](Assembly assembly, Dictionary`2 pluginInfos, String filePath)
System.IO.FileNotFoundException: Could not load file or assembly 'Microsoft.Bcl.AsyncInterfaces, Version=1.0.0.0, Culture=neutral, PublicKeyToken=cc7b13ffcd2ddd51'. Не удается найти указанный файл.
File name: 'Microsoft.Bcl.AsyncInterfaces, Version=1.0.0.0, Culture=neutral, PublicKeyToken=cc7b13ffcd2ddd51'
 ---> System.IO.FileNotFoundException: Could not load file or assembly 'Microsoft.Bcl.AsyncInterfaces, Culture=neutral, PublicKeyToken=null'. Не удается найти указанный файл.
File name: 'Microsoft.Bcl.AsyncInterfaces, Culture=neutral, PublicKeyToken=null'
   at System.Reflection.RuntimeAssembly.InternalLoad(AssemblyName assemblyName, StackCrawlMark& stackMark, AssemblyLoadContext assemblyLoadContext, RuntimeAssembly requestingAssembly, Boolean throwOnFileNotFound)
   at System.Reflection.Assembly.Load(AssemblyName assemblyRef)
   at Microsoft.VisualStudio.TestPlatform.Common.ExtensionFramework.TestPluginCache.CurrentDomainAssemblyResolve(Object sender, AssemblyResolveEventArgs args)
   at System.Runtime.Loader.AssemblyLoadContext.GetFirstResolvedAssemblyFromResolvingEvent(AssemblyName assemblyName)
   at System.Runtime.Loader.AssemblyLoadContext.ResolveUsingEvent(AssemblyName assemblyName)
   at System.Runtime.Loader.AssemblyLoadContext.ResolveUsingResolvingEvent(IntPtr gchManagedAssemblyLoadContext, AssemblyName assemblyName)
TpTrace Warning: 0 : 22812, 1, 2022/11/29, 21:20:16.799, 7051804906868, vstest.console.dll, LoaderExceptions: System.IO.FileNotFoundException: Could not load file or assembly 'Microsoft.Bcl.AsyncInterfaces, Version=1.0.0.0, Culture=neutral, PublicKeyToken=cc7b13ffcd2ddd51'. Не удается найти указанный файл.
File name: 'Microsoft.Bcl.AsyncInterfaces, Version=1.0.0.0, Culture=neutral, PublicKeyToken=cc7b13ffcd2ddd51'
 ---> System.IO.FileNotFoundException: Could not load file or assembly 'Microsoft.Bcl.AsyncInterfaces, Culture=neutral, PublicKeyToken=null'. Не удается найти указанный файл.
File name: 'Microsoft.Bcl.AsyncInterfaces, Culture=neutral, PublicKeyToken=null'
   at System.Reflection.RuntimeAssembly.InternalLoad(AssemblyName assemblyName, StackCrawlMark& stackMark, AssemblyLoadContext assemblyLoadContext, RuntimeAssembly requestingAssembly, Boolean throwOnFileNotFound)
   at System.Reflection.Assembly.Load(AssemblyName assemblyRef)
   at Microsoft.VisualStudio.TestPlatform.Common.ExtensionFramework.TestPluginCache.CurrentDomainAssemblyResolve(Object sender, AssemblyResolveEventArgs args)
   at System.Runtime.Loader.AssemblyLoadContext.GetFirstResolvedAssemblyFromResolvingEvent(AssemblyName assemblyName)
   at System.Runtime.Loader.AssemblyLoadContext.ResolveUsingEvent(AssemblyName assemblyName)
   at System.Runtime.Loader.AssemblyLoadContext.ResolveUsingResolvingEvent(IntPtr gchManagedAssemblyLoadContext, AssemblyName assemblyName)
TpTrace Information: 0 : 22812, 1, 2022/11/29, 21:20:16.800, 7051804910665, vstest.console.dll, AssemblyResolver.OnResolve: Microsoft.TestPlatform.Extensions.BlameDataCollector: Resolving assembly.
TpTrace Information: 0 : 22812, 1, 2022/11/29, 21:20:16.800, 7051804911729, vstest.console.dll, AssemblyResolver.OnResolve: Microsoft.TestPlatform.Extensions.BlameDataCollector: Searching in: 'C:\Program Files\dotnet\sdk\7.0.100\Extensions'.
TpTrace Information: 0 : 22812, 1, 2022/11/29, 21:20:16.801, 7051804927106, vstest.console.dll, AssemblyResolver.OnResolve: Microsoft.TestPlatform.Extensions.BlameDataCollector: Loading assembly 'C:\Program Files\dotnet\sdk\7.0.100\Extensions\Microsoft.TestPlatform.Extensions.BlameDataCollector.dll'.
TpTrace Information: 0 : 22812, 1, 2022/11/29, 21:20:16.803, 7051804943545, vstest.console.dll, AssemblyResolver.OnResolve: Resolved assembly: Microsoft.TestPlatform.Extensions.BlameDataCollector, from path: C:\Program Files\dotnet\sdk\7.0.100\Extensions\Microsoft.TestPlatform.Extensions.BlameDataCollector.dll
TpTrace Verbose: 0 : 22812, 1, 2022/11/29, 21:20:16.803, 7051804945583, vstest.console.dll, MetadataReaderExtensionsHelper: Discovering extensions inside assembly 'Microsoft.TestPlatform.Extensions.BlameDataCollector, Version=15.0.0.0, Culture=neutral, PublicKeyToken=b03f5f7f11d50a3a' file path 'C:\Program Files\dotnet\sdk\7.0.100\Extensions\Microsoft.TestPlatform.Extensions.BlameDataCollector.dll'
TpTrace Information: 0 : 22812, 1, 2022/11/29, 21:20:16.807, 7051804982133, vstest.console.dll, AssemblyResolver.OnResolve: Microsoft.TestPlatform.Extensions.EventLogCollector: Resolving assembly.
TpTrace Information: 0 : 22812, 1, 2022/11/29, 21:20:16.807, 7051804983683, vstest.console.dll, AssemblyResolver.OnResolve: Microsoft.TestPlatform.Extensions.EventLogCollector: Searching in: 'C:\Program Files\dotnet\sdk\7.0.100\Extensions'.
TpTrace Information: 0 : 22812, 1, 2022/11/29, 21:20:16.808, 7051804996978, vstest.console.dll, AssemblyResolver.OnResolve: Microsoft.TestPlatform.Extensions.EventLogCollector: Loading assembly 'C:\Program Files\dotnet\sdk\7.0.100\Extensions\Microsoft.TestPlatform.Extensions.EventLogCollector.dll'.
TpTrace Information: 0 : 22812, 1, 2022/11/29, 21:20:16.810, 7051805011382, vstest.console.dll, AssemblyResolver.OnResolve: Resolved assembly: Microsoft.TestPlatform.Extensions.EventLogCollector, from path: C:\Program Files\dotnet\sdk\7.0.100\Extensions\Microsoft.TestPlatform.Extensions.EventLogCollector.dll
TpTrace Verbose: 0 : 22812, 1, 2022/11/29, 21:20:16.810, 7051805013162, vstest.console.dll, MetadataReaderExtensionsHelper: Discovering extensions inside assembly 'Microsoft.TestPlatform.Extensions.EventLogCollector, Version=15.0.0.0, Culture=neutral, PublicKeyToken=b03f5f7f11d50a3a' file path 'C:\Program Files\dotnet\sdk\7.0.100\Extensions\Microsoft.TestPlatform.Extensions.EventLogCollector.dll'
TpTrace Information: 0 : 22812, 1, 2022/11/29, 21:20:16.818, 7051805094164, vstest.console.dll, AssemblyResolver.OnResolve: Microsoft.TestPlatform.TestHostRuntimeProvider: Resolving assembly.
TpTrace Information: 0 : 22812, 1, 2022/11/29, 21:20:16.818, 7051805095960, vstest.console.dll, AssemblyResolver.OnResolve: Microsoft.TestPlatform.TestHostRuntimeProvider: Searching in: 'C:\Program Files\dotnet\sdk\7.0.100\Extensions'.
TpTrace Information: 0 : 22812, 1, 2022/11/29, 21:20:16.820, 7051805109153, vstest.console.dll, AssemblyResolver.OnResolve: Microsoft.TestPlatform.TestHostRuntimeProvider: Loading assembly 'C:\Program Files\dotnet\sdk\7.0.100\Extensions\Microsoft.TestPlatform.TestHostRuntimeProvider.dll'.
TpTrace Information: 0 : 22812, 1, 2022/11/29, 21:20:16.821, 7051805123860, vstest.console.dll, AssemblyResolver.OnResolve: Resolved assembly: Microsoft.TestPlatform.TestHostRuntimeProvider, from path: C:\Program Files\dotnet\sdk\7.0.100\Extensions\Microsoft.TestPlatform.TestHostRuntimeProvider.dll
TpTrace Verbose: 0 : 22812, 1, 2022/11/29, 21:20:16.821, 7051805125495, vstest.console.dll, MetadataReaderExtensionsHelper: Discovering extensions inside assembly 'Microsoft.TestPlatform.TestHostRuntimeProvider, Version=15.0.0.0, Culture=neutral, PublicKeyToken=b03f5f7f11d50a3a' file path 'C:\Program Files\dotnet\sdk\7.0.100\Extensions\Microsoft.TestPlatform.TestHostRuntimeProvider.dll'
TpTrace Information: 0 : 22812, 1, 2022/11/29, 21:20:16.826, 7051805170739, vstest.console.dll, GetTestExtensionFromType: Register extension with identifier data 'HostProvider://DefaultTestHost' and type 'Microsoft.VisualStudio.TestPlatform.CrossPlatEngine.Hosting.DefaultTestHostManager, Microsoft.TestPlatform.TestHostRuntimeProvider, Version=15.0.0.0, Culture=neutral, PublicKeyToken=b03f5f7f11d50a3a' inside file 'C:\Program Files\dotnet\sdk\7.0.100\Extensions\Microsoft.TestPlatform.TestHostRuntimeProvider.dll'
TpTrace Information: 0 : 22812, 1, 2022/11/29, 21:20:16.826, 7051805176062, vstest.console.dll, GetTestExtensionFromType: Register extension with identifier data 'HostProvider://DotnetTestHost' and type 'Microsoft.VisualStudio.TestPlatform.CrossPlatEngine.Hosting.DotnetTestHostManager, Microsoft.TestPlatform.TestHostRuntimeProvider, Version=15.0.0.0, Culture=neutral, PublicKeyToken=b03f5f7f11d50a3a' inside file 'C:\Program Files\dotnet\sdk\7.0.100\Extensions\Microsoft.TestPlatform.TestHostRuntimeProvider.dll'
TpTrace Information: 0 : 22812, 1, 2022/11/29, 21:20:16.826, 7051805177787, vstest.console.dll, AssemblyResolver.OnResolve: Microsoft.VisualStudio.TestPlatform.Extensions.Html.TestLogger: Resolving assembly.
TpTrace Information: 0 : 22812, 1, 2022/11/29, 21:20:16.827, 7051805178843, vstest.console.dll, AssemblyResolver.OnResolve: Microsoft.VisualStudio.TestPlatform.Extensions.Html.TestLogger: Searching in: 'C:\Program Files\dotnet\sdk\7.0.100\Extensions'.
TpTrace Information: 0 : 22812, 1, 2022/11/29, 21:20:16.828, 7051805192553, vstest.console.dll, AssemblyResolver.OnResolve: Microsoft.VisualStudio.TestPlatform.Extensions.Html.TestLogger: Loading assembly 'C:\Program Files\dotnet\sdk\7.0.100\Extensions\Microsoft.VisualStudio.TestPlatform.Extensions.Html.TestLogger.dll'.
TpTrace Information: 0 : 22812, 1, 2022/11/29, 21:20:16.829, 7051805206255, vstest.console.dll, AssemblyResolver.OnResolve: Resolved assembly: Microsoft.VisualStudio.TestPlatform.Extensions.Html.TestLogger, from path: C:\Program Files\dotnet\sdk\7.0.100\Extensions\Microsoft.VisualStudio.TestPlatform.Extensions.Html.TestLogger.dll
TpTrace Verbose: 0 : 22812, 1, 2022/11/29, 21:20:16.829, 7051805207967, vstest.console.dll, MetadataReaderExtensionsHelper: Discovering extensions inside assembly 'Microsoft.VisualStudio.TestPlatform.Extensions.Html.TestLogger, Version=15.0.0.0, Culture=neutral, PublicKeyToken=b03f5f7f11d50a3a' file path 'C:\Program Files\dotnet\sdk\7.0.100\Extensions\Microsoft.VisualStudio.TestPlatform.Extensions.Html.TestLogger.dll'
TpTrace Information: 0 : 22812, 1, 2022/11/29, 21:20:16.832, 7051805231455, vstest.console.dll, AssemblyResolver.OnResolve: Microsoft.VisualStudio.TestPlatform.Extensions.Trx.TestLogger: Resolving assembly.
TpTrace Information: 0 : 22812, 1, 2022/11/29, 21:20:16.832, 7051805232874, vstest.console.dll, AssemblyResolver.OnResolve: Microsoft.VisualStudio.TestPlatform.Extensions.Trx.TestLogger: Searching in: 'C:\Program Files\dotnet\sdk\7.0.100\Extensions'.
TpTrace Information: 0 : 22812, 1, 2022/11/29, 21:20:16.833, 7051805245304, vstest.console.dll, AssemblyResolver.OnResolve: Microsoft.VisualStudio.TestPlatform.Extensions.Trx.TestLogger: Loading assembly 'C:\Program Files\dotnet\sdk\7.0.100\Extensions\Microsoft.VisualStudio.TestPlatform.Extensions.Trx.TestLogger.dll'.
TpTrace Information: 0 : 22812, 1, 2022/11/29, 21:20:16.835, 7051805260966, vstest.console.dll, AssemblyResolver.OnResolve: Resolved assembly: Microsoft.VisualStudio.TestPlatform.Extensions.Trx.TestLogger, from path: C:\Program Files\dotnet\sdk\7.0.100\Extensions\Microsoft.VisualStudio.TestPlatform.Extensions.Trx.TestLogger.dll
TpTrace Verbose: 0 : 22812, 1, 2022/11/29, 21:20:16.835, 7051805262799, vstest.console.dll, MetadataReaderExtensionsHelper: Discovering extensions inside assembly 'Microsoft.VisualStudio.TestPlatform.Extensions.Trx.TestLogger, Version=15.0.0.0, Culture=neutral, PublicKeyToken=b03f5f7f11d50a3a' file path 'C:\Program Files\dotnet\sdk\7.0.100\Extensions\Microsoft.VisualStudio.TestPlatform.Extensions.Trx.TestLogger.dll'
TpTrace Verbose: 0 : 22812, 1, 2022/11/29, 21:20:16.838, 7051805296526, vstest.console.dll, TestPluginCache: Discovered the extensions using extension path ''.
TpTrace Verbose: 0 : 22812, 1, 2022/11/29, 21:20:16.838, 7051805298254, vstest.console.dll, TestPluginCache: Discoverers are ''.
TpTrace Verbose: 0 : 22812, 1, 2022/11/29, 21:20:16.839, 7051805298965, vstest.console.dll, TestPluginCache: Executors are ''.
TpTrace Verbose: 0 : 22812, 1, 2022/11/29, 21:20:16.839, 7051805299559, vstest.console.dll, TestPluginCache: Executors2 are ''.
TpTrace Verbose: 0 : 22812, 1, 2022/11/29, 21:20:16.839, 7051805300124, vstest.console.dll, TestPluginCache: Setting providers are ''.
TpTrace Verbose: 0 : 22812, 1, 2022/11/29, 21:20:16.839, 7051805300691, vstest.console.dll, TestPluginCache: Loggers are ''.
TpTrace Verbose: 0 : 22812, 1, 2022/11/29, 21:20:16.839, 7051805303213, vstest.console.dll, TestPluginCache: TestHosts are 'HostProvider://DefaultTestHost,HostProvider://DotnetTestHost'.
TpTrace Verbose: 0 : 22812, 1, 2022/11/29, 21:20:16.839, 7051805304063, vstest.console.dll, TestPluginCache: DataCollectors are ''.
TpTrace Information: 0 : 22812, 1, 2022/11/29, 21:20:16.865, 7051805567323, vstest.console.dll, RunTestsArgumentProcessor:Execute: Test run is starting.
TpTrace Verbose: 0 : 22812, 1, 2022/11/29, 21:20:16.866, 7051805569007, vstest.console.dll, RunTestsArgumentProcessor:Execute: Queuing Test run.
TpTrace Information: 0 : 22812, 1, 2022/11/29, 21:20:16.866, 7051805574002, vstest.console.dll, TestRequestManager.RunTests: run tests started.
TpTrace Information: 0 : 22812, 1, 2022/11/29, 21:20:16.868, 7051805598536, vstest.console.dll, AssemblyMetadataProvider.GetFrameworkName: Determined framework:'.NETCoreApp,Version=v6.0' for source: 'C:\Projects\NET\Stack\Stack.Tests\bin\Debug\net6.0\fine-code-coverage\build-output\Stack.Tests.dll'
TpTrace Information: 0 : 22812, 1, 2022/11/29, 21:20:16.869, 7051805602878, vstest.console.dll, Determined framework for all sources: .NETCoreApp,Version=v6.0
TpTrace Verbose: 0 : 22812, 1, 2022/11/29, 21:20:16.870, 7051805611109, vstest.console.dll, TestRequestManager.UpdateRunSettingsIfRequired: Default architecture: X64 IsDefaultTargetArchitecture: True, Current process architecture: X64 OperatingSystem: Windows.
TpTrace Information: 0 : 22812, 1, 2022/11/29, 21:20:16.875, 7051805661567, vstest.console.dll, AssemblyMetadataProvider.GetArchitecture: Determined architecture:AnyCPU info for assembly: C:\Projects\NET\Stack\Stack.Tests\bin\Debug\net6.0\fine-code-coverage\build-output\Stack.Tests.dll
TpTrace Information: 0 : 22812, 1, 2022/11/29, 21:20:16.875, 7051805663228, vstest.console.dll, Determined platform for source 'C:\Projects\NET\Stack\Stack.Tests\bin\Debug\net6.0\fine-code-coverage\build-output\Stack.Tests.dll' was AnyCPU and it will use the default plaform X64.
TpTrace Information: 0 : 22812, 1, 2022/11/29, 21:20:16.875, 7051805663954, vstest.console.dll, None of the sources provided any runnable platform, using the default platform: X64
TpTrace Information: 0 : 22812, 1, 2022/11/29, 21:20:16.875, 7051805665981, vstest.console.dll, Platform was updated to 'X64'.
TpTrace Information: 0 : 22812, 1, 2022/11/29, 21:20:16.882, 7051805731093, vstest.console.dll, InferRunSettingsHelper.IsTestSettingsEnabled: Unable to navigate to RunSettings/MSTest. Current node: RunSettings
TpTrace Information: 0 : 22812, 1, 2022/11/29, 21:20:16.883, 7051805741279, vstest.console.dll, AssemblyResolver.OnResolve: Microsoft.VisualStudio.TestPlatform.Fakes: Resolving assembly.
TpTrace Information: 0 : 22812, 1, 2022/11/29, 21:20:16.883, 7051805742420, vstest.console.dll, AssemblyResolver.OnResolve: Microsoft.VisualStudio.TestPlatform.Fakes: Searching in: 'C:\Program Files\dotnet\sdk\7.0.100\Extensions'.
TpTrace Information: 0 : 22812, 1, 2022/11/29, 21:20:16.883, 7051805743791, vstest.console.dll, AssemblyResolver.OnResolve: Microsoft.VisualStudio.TestPlatform.Fakes: Assembly path does not exist: 'C:\Program Files\dotnet\sdk\7.0.100\Extensions\Microsoft.VisualStudio.TestPlatform.Fakes.dll', returning.
TpTrace Information: 0 : 22812, 1, 2022/11/29, 21:20:16.883, 7051805744828, vstest.console.dll, AssemblyResolver.OnResolve: Microsoft.VisualStudio.TestPlatform.Fakes: Assembly path does not exist: 'C:\Program Files\dotnet\sdk\7.0.100\Extensions\Microsoft.VisualStudio.TestPlatform.Fakes.exe', returning.
TpTrace Information: 0 : 22812, 1, 2022/11/29, 21:20:16.883, 7051805745407, vstest.console.dll, AssemblyResolver.OnResolve: Microsoft.VisualStudio.TestPlatform.Fakes: Searching in: 'C:\Program Files\dotnet\sdk\7.0.100'.
TpTrace Information: 0 : 22812, 1, 2022/11/29, 21:20:16.883, 7051805746551, vstest.console.dll, AssemblyResolver.OnResolve: Microsoft.VisualStudio.TestPlatform.Fakes: Assembly path does not exist: 'C:\Program Files\dotnet\sdk\7.0.100\Microsoft.VisualStudio.TestPlatform.Fakes.dll', returning.
TpTrace Information: 0 : 22812, 1, 2022/11/29, 21:20:16.883, 7051805747523, vstest.console.dll, AssemblyResolver.OnResolve: Microsoft.VisualStudio.TestPlatform.Fakes: Assembly path does not exist: 'C:\Program Files\dotnet\sdk\7.0.100\Microsoft.VisualStudio.TestPlatform.Fakes.exe', returning.
TpTrace Information: 0 : 22812, 1, 2022/11/29, 21:20:16.883, 7051805748081, vstest.console.dll, AssemblyResolver.OnResolve: Microsoft.VisualStudio.TestPlatform.Fakes: Failed to load assembly.
TpTrace Information: 0 : 22812, 1, 2022/11/29, 21:20:16.884, 7051805751762, vstest.console.dll, Failed to load assembly Microsoft.VisualStudio.TestPlatform.Fakes, Version=17.0.0.0, Culture=neutral. Reason:System.IO.FileNotFoundException: Could not load file or assembly 'Microsoft.VisualStudio.TestPlatform.Fakes, Version=17.0.0.0, Culture=neutral, PublicKeyToken=null'. Не удается найти указанный файл.
File name: 'Microsoft.VisualStudio.TestPlatform.Fakes, Version=17.0.0.0, Culture=neutral, PublicKeyToken=null'
   at System.Reflection.RuntimeAssembly.InternalLoad(AssemblyName assemblyName, StackCrawlMark& stackMark, AssemblyLoadContext assemblyLoadContext, RuntimeAssembly requestingAssembly, Boolean throwOnFileNotFound)
   at System.Reflection.Assembly.Load(AssemblyName assemblyRef)
   at Microsoft.VisualStudio.TestPlatform.Common.Utilities.FakesUtilities.LoadTestPlatformAssembly()
TpTrace Verbose: 0 : 22812, 1, 2022/11/29, 21:20:16.889, 7051805801839, vstest.console.dll, TestPluginCache.DiscoverTestExtensions: finding test extensions in assemblies ends with: TestLogger.dll TPluginInfo: Microsoft.VisualStudio.TestPlatform.Common.ExtensionFramework.Utilities.TestLoggerPluginInformation TExtension: Microsoft.VisualStudio.TestPlatform.ObjectModel.Client.ITestLogger
TpTrace Verbose: 0 : 22812, 1, 2022/11/29, 21:20:16.889, 7051805803651, vstest.console.dll, TestPluginCache.GetExtensionPaths: Filtered extension paths: 
TpTrace Verbose: 0 : 22812, 1, 2022/11/29, 21:20:16.889, 7051805804371, vstest.console.dll, TestPluginCache.GetExtensionPaths: Added default extension paths: C:\Program Files\dotnet\sdk\7.0.100\Extensions\Microsoft.Diagnostics.NETCore.Client.dll
C:\Program Files\dotnet\sdk\7.0.100\Extensions\Microsoft.TestPlatform.Extensions.BlameDataCollector.dll
C:\Program Files\dotnet\sdk\7.0.100\Extensions\Microsoft.TestPlatform.Extensions.EventLogCollector.dll
C:\Program Files\dotnet\sdk\7.0.100\Extensions\Microsoft.TestPlatform.TestHostRuntimeProvider.dll
C:\Program Files\dotnet\sdk\7.0.100\Extensions\Microsoft.VisualStudio.TestPlatform.Extensions.Html.TestLogger.dll
C:\Program Files\dotnet\sdk\7.0.100\Extensions\Microsoft.VisualStudio.TestPlatform.Extensions.Trx.TestLogger.dll
TpTrace Verbose: 0 : 22812, 1, 2022/11/29, 21:20:16.889, 7051805804974, vstest.console.dll, TestPluginCache.GetExtensionPaths: Added unfilterableExtensionPaths: 
TpTrace Information: 0 : 22812, 1, 2022/11/29, 21:20:16.889, 7051805806925, vstest.console.dll, AssemblyResolver.AddSearchDirectories: Adding more searchDirectories C:\Program Files\dotnet\sdk\7.0.100\Extensions,C:\Program Files\dotnet\sdk\7.0.100
TpTrace Verbose: 0 : 22812, 1, 2022/11/29, 21:20:16.889, 7051805807786, vstest.console.dll, TestPluginCache.DiscoverTestExtensions: Discovering the extensions using extension path.
TpTrace Verbose: 0 : 22812, 1, 2022/11/29, 21:20:16.889, 7051805808378, vstest.console.dll, TestPluginCache.GetExtensionPaths: Filtered extension paths: 
TpTrace Verbose: 0 : 22812, 1, 2022/11/29, 21:20:16.890, 7051805808971, vstest.console.dll, TestPluginCache.GetExtensionPaths: Added default extension paths: C:\Program Files\dotnet\sdk\7.0.100\Extensions\Microsoft.Diagnostics.NETCore.Client.dll
C:\Program Files\dotnet\sdk\7.0.100\Extensions\Microsoft.TestPlatform.Extensions.BlameDataCollector.dll
C:\Program Files\dotnet\sdk\7.0.100\Extensions\Microsoft.TestPlatform.Extensions.EventLogCollector.dll
C:\Program Files\dotnet\sdk\7.0.100\Extensions\Microsoft.TestPlatform.TestHostRuntimeProvider.dll
C:\Program Files\dotnet\sdk\7.0.100\Extensions\Microsoft.VisualStudio.TestPlatform.Extensions.Html.TestLogger.dll
C:\Program Files\dotnet\sdk\7.0.100\Extensions\Microsoft.VisualStudio.TestPlatform.Extensions.Trx.TestLogger.dll
TpTrace Verbose: 0 : 22812, 1, 2022/11/29, 21:20:16.890, 7051805809491, vstest.console.dll, TestPluginCache.GetExtensionPaths: Added unfilterableExtensionPaths: 
TpTrace Verbose: 0 : 22812, 1, 2022/11/29, 21:20:16.890, 7051805810076, vstest.console.dll, TestPluginCache.DiscoverTestExtensions: Discovering the extensions using allExtensionPaths: C:\Program Files\dotnet\sdk\7.0.100\Extensions\Microsoft.Diagnostics.NETCore.Client.dll
C:\Program Files\dotnet\sdk\7.0.100\Extensions\Microsoft.TestPlatform.Extensions.BlameDataCollector.dll
C:\Program Files\dotnet\sdk\7.0.100\Extensions\Microsoft.TestPlatform.Extensions.EventLogCollector.dll
C:\Program Files\dotnet\sdk\7.0.100\Extensions\Microsoft.TestPlatform.TestHostRuntimeProvider.dll
C:\Program Files\dotnet\sdk\7.0.100\Extensions\Microsoft.VisualStudio.TestPlatform.Extensions.Html.TestLogger.dll
C:\Program Files\dotnet\sdk\7.0.100\Extensions\Microsoft.VisualStudio.TestPlatform.Extensions.Trx.TestLogger.dll
TpTrace Information: 0 : 22812, 1, 2022/11/29, 21:20:16.890, 7051805811555, vstest.console.dll, AssemblyResolver.AddSearchDirectories: Adding more searchDirectories C:\Program Files\dotnet\sdk\7.0.100\Extensions,C:\Program Files\dotnet\sdk\7.0.100
TpTrace Information: 0 : 22812, 1, 2022/11/29, 21:20:16.890, 7051805812516, vstest.console.dll, AssemblyResolver.AddSearchDirectories: Adding more searchDirectories C:\Program Files\dotnet\sdk\7.0.100\Extensions,C:\Program Files\dotnet\sdk\7.0.100
TpTrace Information: 0 : 22812, 1, 2022/11/29, 21:20:16.890, 7051805813145, vstest.console.dll, AssemblyResolver.AddSearchDirectories: Adding more searchDirectories C:\Program Files\dotnet\sdk\7.0.100\Extensions,C:\Program Files\dotnet\sdk\7.0.100
TpTrace Information: 0 : 22812, 1, 2022/11/29, 21:20:16.890, 7051805813732, vstest.console.dll, AssemblyResolver.AddSearchDirectories: Adding more searchDirectories C:\Program Files\dotnet\sdk\7.0.100\Extensions,C:\Program Files\dotnet\sdk\7.0.100
TpTrace Information: 0 : 22812, 1, 2022/11/29, 21:20:16.890, 7051805814388, vstest.console.dll, AssemblyResolver.AddSearchDirectories: Adding more searchDirectories C:\Program Files\dotnet\sdk\7.0.100\Extensions,C:\Program Files\dotnet\sdk\7.0.100
TpTrace Information: 0 : 22812, 1, 2022/11/29, 21:20:16.890, 7051805814989, vstest.console.dll, AssemblyResolver.AddSearchDirectories: Adding more searchDirectories C:\Program Files\dotnet\sdk\7.0.100\Extensions,C:\Program Files\dotnet\sdk\7.0.100
TpTrace Verbose: 0 : 22812, 1, 2022/11/29, 21:20:16.890, 7051805816849, vstest.console.dll, MetadataReaderExtensionsHelper: Discovering extensions inside assembly 'Microsoft.Diagnostics.NETCore.Client, Version=0.2.6.42401, Culture=neutral, PublicKeyToken=31bf3856ad364e35' file path 'C:\Program Files\dotnet\sdk\7.0.100\Extensions\Microsoft.Diagnostics.NETCore.Client.dll'
TpTrace Information: 0 : 22812, 1, 2022/11/29, 21:20:16.892, 7051805835527, vstest.console.dll, AssemblyResolver.OnResolve: Microsoft.Bcl.AsyncInterfaces: Resolving assembly.
TpTrace Information: 0 : 22812, 1, 2022/11/29, 21:20:16.892, 7051805836568, vstest.console.dll, AssemblyResolver.OnResolve: Microsoft.Bcl.AsyncInterfaces: Resolved from cache.
TpTrace Verbose: 0 : 22812, 1, 2022/11/29, 21:20:16.892, 7051805837141, vstest.console.dll, CurrentDomainAssemblyResolve: Resolving assembly 'Microsoft.Bcl.AsyncInterfaces'.
TpTrace Information: 0 : 22812, 1, 2022/11/29, 21:20:16.892, 7051805837927, vstest.console.dll, AssemblyResolver.OnResolve: Microsoft.Bcl.AsyncInterfaces: Resolving assembly.
TpTrace Information: 0 : 22812, 1, 2022/11/29, 21:20:16.892, 7051805838463, vstest.console.dll, AssemblyResolver.OnResolve: Microsoft.Bcl.AsyncInterfaces: Resolved from cache.
TpTrace Verbose: 0 : 22812, 1, 2022/11/29, 21:20:16.893, 7051805838939, vstest.console.dll, CurrentDomainAssemblyResolve: Resolving assembly 'Microsoft.Bcl.AsyncInterfaces'.
TpTrace Verbose: 0 : 22812, 1, 2022/11/29, 21:20:16.893, 7051805839504, vstest.console.dll, CurrentDomainAssemblyResolve: Failed to resolve assembly 'Microsoft.Bcl.AsyncInterfaces'.
TpTrace Verbose: 0 : 22812, 1, 2022/11/29, 21:20:16.893, 7051805841842, vstest.console.dll, CurrentDomainAssemblyResolve: Failed to resolve assembly 'Microsoft.Bcl.AsyncInterfaces'.
TpTrace Warning: 0 : 22812, 1, 2022/11/29, 21:20:16.893, 7051805846815, vstest.console.dll, TestPluginDiscoverer: Failed to get types from assembly 'Microsoft.Diagnostics.NETCore.Client, Version=0.2.6.42401, Culture=neutral, PublicKeyToken=31bf3856ad364e35'. Error: System.Reflection.ReflectionTypeLoadException: Unable to load one or more of the requested types.
Could not load file or assembly 'Microsoft.Bcl.AsyncInterfaces, Version=1.0.0.0, Culture=neutral, PublicKeyToken=cc7b13ffcd2ddd51'. Не удается найти указанный файл.
   at System.Reflection.RuntimeModule.GetTypes(RuntimeModule module)
   at System.Reflection.Assembly.GetTypes()
   at Microsoft.VisualStudio.TestPlatform.Common.ExtensionFramework.TestPluginDiscoverer.GetTestExtensionsFromAssembly[TPluginInfo,TExtension](Assembly assembly, Dictionary`2 pluginInfos, String filePath)
System.IO.FileNotFoundException: Could not load file or assembly 'Microsoft.Bcl.AsyncInterfaces, Version=1.0.0.0, Culture=neutral, PublicKeyToken=cc7b13ffcd2ddd51'. Не удается найти указанный файл.
File name: 'Microsoft.Bcl.AsyncInterfaces, Version=1.0.0.0, Culture=neutral, PublicKeyToken=cc7b13ffcd2ddd51'
 ---> System.IO.FileNotFoundException: Could not load file or assembly 'Microsoft.Bcl.AsyncInterfaces, Culture=neutral, PublicKeyToken=null'. Не удается найти указанный файл.
File name: 'Microsoft.Bcl.AsyncInterfaces, Culture=neutral, PublicKeyToken=null'
   at System.Reflection.RuntimeAssembly.InternalLoad(AssemblyName assemblyName, StackCrawlMark& stackMark, AssemblyLoadContext assemblyLoadContext, RuntimeAssembly requestingAssembly, Boolean throwOnFileNotFound)
   at System.Reflection.Assembly.Load(AssemblyName assemblyRef)
   at Microsoft.VisualStudio.TestPlatform.Common.ExtensionFramework.TestPluginCache.CurrentDomainAssemblyResolve(Object sender, AssemblyResolveEventArgs args)
   at System.Runtime.Loader.AssemblyLoadContext.GetFirstResolvedAssemblyFromResolvingEvent(AssemblyName assemblyName)
   at System.Runtime.Loader.AssemblyLoadContext.ResolveUsingEvent(AssemblyName assemblyName)
   at System.Runtime.Loader.AssemblyLoadContext.ResolveUsingResolvingEvent(IntPtr gchManagedAssemblyLoadContext, AssemblyName assemblyName)
TpTrace Warning: 0 : 22812, 1, 2022/11/29, 21:20:16.894, 7051805849576, vstest.console.dll, LoaderExceptions: System.IO.FileNotFoundException: Could not load file or assembly 'Microsoft.Bcl.AsyncInterfaces, Version=1.0.0.0, Culture=neutral, PublicKeyToken=cc7b13ffcd2ddd51'. Не удается найти указанный файл.
File name: 'Microsoft.Bcl.AsyncInterfaces, Version=1.0.0.0, Culture=neutral, PublicKeyToken=cc7b13ffcd2ddd51'
 ---> System.IO.FileNotFoundException: Could not load file or assembly 'Microsoft.Bcl.AsyncInterfaces, Culture=neutral, PublicKeyToken=null'. Не удается найти указанный файл.
File name: 'Microsoft.Bcl.AsyncInterfaces, Culture=neutral, PublicKeyToken=null'
   at System.Reflection.RuntimeAssembly.InternalLoad(AssemblyName assemblyName, StackCrawlMark& stackMark, AssemblyLoadContext assemblyLoadContext, RuntimeAssembly requestingAssembly, Boolean throwOnFileNotFound)
   at System.Reflection.Assembly.Load(AssemblyName assemblyRef)
   at Microsoft.VisualStudio.TestPlatform.Common.ExtensionFramework.TestPluginCache.CurrentDomainAssemblyResolve(Object sender, AssemblyResolveEventArgs args)
   at System.Runtime.Loader.AssemblyLoadContext.GetFirstResolvedAssemblyFromResolvingEvent(AssemblyName assemblyName)
   at System.Runtime.Loader.AssemblyLoadContext.ResolveUsingEvent(AssemblyName assemblyName)
   at System.Runtime.Loader.AssemblyLoadContext.ResolveUsingResolvingEvent(IntPtr gchManagedAssemblyLoadContext, AssemblyName assemblyName)
TpTrace Verbose: 0 : 22812, 1, 2022/11/29, 21:20:16.894, 7051805851063, vstest.console.dll, MetadataReaderExtensionsHelper: Discovering extensions inside assembly 'Microsoft.TestPlatform.Extensions.BlameDataCollector, Version=15.0.0.0, Culture=neutral, PublicKeyToken=b03f5f7f11d50a3a' file path 'C:\Program Files\dotnet\sdk\7.0.100\Extensions\Microsoft.TestPlatform.Extensions.BlameDataCollector.dll'
TpTrace Information: 0 : 22812, 1, 2022/11/29, 21:20:16.895, 7051805864509, vstest.console.dll, GetTestExtensionFromType: Register extension with identifier data 'logger://Microsoft/TestPlatform/Extensions/Blame/v1' and type 'Microsoft.TestPlatform.Extensions.BlameDataCollector.BlameLogger, Microsoft.TestPlatform.Extensions.BlameDataCollector, Version=15.0.0.0, Culture=neutral, PublicKeyToken=b03f5f7f11d50a3a' inside file 'C:\Program Files\dotnet\sdk\7.0.100\Extensions\Microsoft.TestPlatform.Extensions.BlameDataCollector.dll'
TpTrace Verbose: 0 : 22812, 1, 2022/11/29, 21:20:16.895, 7051805865758, vstest.console.dll, MetadataReaderExtensionsHelper: Discovering extensions inside assembly 'Microsoft.TestPlatform.Extensions.EventLogCollector, Version=15.0.0.0, Culture=neutral, PublicKeyToken=b03f5f7f11d50a3a' file path 'C:\Program Files\dotnet\sdk\7.0.100\Extensions\Microsoft.TestPlatform.Extensions.EventLogCollector.dll'
TpTrace Verbose: 0 : 22812, 1, 2022/11/29, 21:20:16.896, 7051805876085, vstest.console.dll, MetadataReaderExtensionsHelper: Discovering extensions inside assembly 'Microsoft.TestPlatform.TestHostRuntimeProvider, Version=15.0.0.0, Culture=neutral, PublicKeyToken=b03f5f7f11d50a3a' file path 'C:\Program Files\dotnet\sdk\7.0.100\Extensions\Microsoft.TestPlatform.TestHostRuntimeProvider.dll'
TpTrace Verbose: 0 : 22812, 1, 2022/11/29, 21:20:16.897, 7051805887185, vstest.console.dll, MetadataReaderExtensionsHelper: Discovering extensions inside assembly 'Microsoft.VisualStudio.TestPlatform.Extensions.Html.TestLogger, Version=15.0.0.0, Culture=neutral, PublicKeyToken=b03f5f7f11d50a3a' file path 'C:\Program Files\dotnet\sdk\7.0.100\Extensions\Microsoft.VisualStudio.TestPlatform.Extensions.Html.TestLogger.dll'
TpTrace Information: 0 : 22812, 1, 2022/11/29, 21:20:16.899, 7051805900051, vstest.console.dll, GetTestExtensionFromType: Register extension with identifier data 'logger://Microsoft/TestPlatform/HtmlLogger/v1' and type 'Microsoft.VisualStudio.TestPlatform.Extensions.HtmlLogger.HtmlLogger, Microsoft.VisualStudio.TestPlatform.Extensions.Html.TestLogger, Version=15.0.0.0, Culture=neutral, PublicKeyToken=b03f5f7f11d50a3a' inside file 'C:\Program Files\dotnet\sdk\7.0.100\Extensions\Microsoft.VisualStudio.TestPlatform.Extensions.Html.TestLogger.dll'
TpTrace Verbose: 0 : 22812, 1, 2022/11/29, 21:20:16.899, 7051805901291, vstest.console.dll, MetadataReaderExtensionsHelper: Discovering extensions inside assembly 'Microsoft.VisualStudio.TestPlatform.Extensions.Trx.TestLogger, Version=15.0.0.0, Culture=neutral, PublicKeyToken=b03f5f7f11d50a3a' file path 'C:\Program Files\dotnet\sdk\7.0.100\Extensions\Microsoft.VisualStudio.TestPlatform.Extensions.Trx.TestLogger.dll'
TpTrace Information: 0 : 22812, 1, 2022/11/29, 21:20:16.900, 7051805913242, vstest.console.dll, GetTestExtensionFromType: Register extension with identifier data 'logger://Microsoft/TestPlatform/TrxLogger/v1' and type 'Microsoft.VisualStudio.TestPlatform.Extensions.TrxLogger.TrxLogger, Microsoft.VisualStudio.TestPlatform.Extensions.Trx.TestLogger, Version=15.0.0.0, Culture=neutral, PublicKeyToken=b03f5f7f11d50a3a' inside file 'C:\Program Files\dotnet\sdk\7.0.100\Extensions\Microsoft.VisualStudio.TestPlatform.Extensions.Trx.TestLogger.dll'
TpTrace Verbose: 0 : 22812, 1, 2022/11/29, 21:20:16.900, 7051805914989, vstest.console.dll, TestPluginCache: Discovered the extensions using extension path ''.
TpTrace Verbose: 0 : 22812, 1, 2022/11/29, 21:20:16.900, 7051805915662, vstest.console.dll, TestPluginCache: Discoverers are ''.
TpTrace Verbose: 0 : 22812, 1, 2022/11/29, 21:20:16.900, 7051805916145, vstest.console.dll, TestPluginCache: Executors are ''.
TpTrace Verbose: 0 : 22812, 1, 2022/11/29, 21:20:16.900, 7051805916589, vstest.console.dll, TestPluginCache: Executors2 are ''.
TpTrace Verbose: 0 : 22812, 1, 2022/11/29, 21:20:16.900, 7051805917023, vstest.console.dll, TestPluginCache: Setting providers are ''.
TpTrace Verbose: 0 : 22812, 1, 2022/11/29, 21:20:16.900, 7051805918171, vstest.console.dll, TestPluginCache: Loggers are 'logger://Microsoft/TestPlatform/Extensions/Blame/v1,logger://Microsoft/TestPlatform/HtmlLogger/v1,logger://Microsoft/TestPlatform/TrxLogger/v1'.
TpTrace Verbose: 0 : 22812, 1, 2022/11/29, 21:20:16.901, 7051805918979, vstest.console.dll, TestPluginCache: TestHosts are 'HostProvider://DefaultTestHost,HostProvider://DotnetTestHost'.
TpTrace Verbose: 0 : 22812, 1, 2022/11/29, 21:20:16.901, 7051805919484, vstest.console.dll, TestPluginCache: DataCollectors are ''.
TpTrace Information: 0 : 22812, 1, 2022/11/29, 21:20:16.902, 7051805934069, vstest.console.dll, TestPluginManager.CreateTestExtension: Attempting to load test extension: Microsoft.TestPlatform.Extensions.BlameDataCollector.BlameLogger
TpTrace Verbose: 0 : 22812, 1, 2022/11/29, 21:20:16.916, 7051806076945, vstest.console.dll, TestEngine: Initializing Parallel Execution as MaxCpuCount is set to: 1
TpTrace Information: 0 : 22812, 1, 2022/11/29, 21:20:16.921, 7051806125082, vstest.console.dll, TestPluginManager.CreateTestExtension: Attempting to load test extension: Microsoft.VisualStudio.TestPlatform.CrossPlatEngine.Hosting.DefaultTestHostManager
TpTrace Information: 0 : 22812, 1, 2022/11/29, 21:20:16.926, 7051806178373, vstest.console.dll, TestPluginManager.CreateTestExtension: Attempting to load test extension: Microsoft.VisualStudio.TestPlatform.CrossPlatEngine.Hosting.DotnetTestHostManager
TpTrace Information: 0 : 22812, 1, 2022/11/29, 21:20:16.928, 7051806190296, vstest.console.dll, InferRunSettingsHelper.IsTestSettingsEnabled: Unable to navigate to RunSettings/MSTest. Current node: RunSettings
TpTrace Verbose: 0 : 22812, 1, 2022/11/29, 21:20:16.933, 7051806243487, vstest.console.dll, TestEngine.GetExecutionManager: Chosen execution manager 'Microsoft.VisualStudio.TestPlatform.CrossPlatEngine.Client.Parallel.ParallelProxyExecutionManager, Microsoft.TestPlatform.CrossPlatEngine, Version=15.0.0.0, Culture=neutral, PublicKeyToken=b03f5f7f11d50a3a' ParallelLevel '1'.
TpTrace Verbose: 0 : 22812, 1, 2022/11/29, 21:20:16.933, 7051806245099, vstest.console.dll, TestRunRequest.ExecuteAsync: Creating test run request.
TpTrace Verbose: 0 : 22812, 1, 2022/11/29, 21:20:16.934, 7051806251546, vstest.console.dll, TestRunRequest.ExecuteAsync: Starting.
TpTrace Information: 0 : 22812, 1, 2022/11/29, 21:20:16.934, 7051806258745, vstest.console.dll, TestRunRequest.ExecuteAsync: Starting run with settings:TestRunCriteria:
   KeepAlive=False,FrequencyOfRunStatsChangeEvent=10,RunStatsChangeEventTimeout=00:00:01.5000000,TestCaseFilter=,TestExecutorLauncher=
   Settingsxml=<RunSettings>
  <RunConfiguration>
    <ResultsDirectory>C:\Projects\NET\Stack\Stack.Tests\bin\Debug\net6.0\fine-code-coverage\coverage-tool-output</ResultsDirectory>
    <TargetPlatform>X64</TargetPlatform>
    <TargetFrameworkVersion>.NETCoreApp,Version=v6.0</TargetFrameworkVersion>
    <DesignMode>False</DesignMode>
    <CollectSourceInformation>False</CollectSourceInformation>
  </RunConfiguration>
  <LoggerRunSettings>
    <Loggers>
      <Logger friendlyName="blame" enabled="True" />
      <Logger friendlyName="Console" uri="logger://microsoft/TestPlatform/ConsoleLogger/v1" assemblyQualifiedName="Microsoft.VisualStudio.TestPlatform.CommandLine.Internal.ConsoleLogger, vstest.console, Version=15.0.0.0, Culture=neutral, PublicKeyToken=b03f5f7f11d50a3a" codeBase="C:\Program Files\dotnet\sdk\7.0.100\vstest.console.dll" enabled="True" />
    </Loggers>
  </LoggerRunSettings>
  <DataCollectionRunSettings>
    <DataCollectors>
      <DataCollector friendlyName="blame" enabled="True">
        <Configuration>
          <ResultsDirectory>C:\Projects\NET\Stack\Stack.Tests\bin\Debug\net6.0\fine-code-coverage\coverage-tool-output</ResultsDirectory>
        </Configuration>
      </DataCollector>
    </DataCollectors>
  </DataCollectionRunSettings>
</RunSettings>

TpTrace Verbose: 0 : 22812, 1, 2022/11/29, 21:20:16.935, 7051806260250, vstest.console.dll, TestRunRequest.ExecuteAsync: Wait for the first run request is over.
TpTrace Verbose: 0 : 22812, 1, 2022/11/29, 21:20:16.935, 7051806266981, vstest.console.dll, MulticastDelegateUtilities.SafeInvoke: TestRun.TestRunStart: Invoking callbacks was skipped because there are no subscribers.
TpTrace Verbose: 0 : 22812, 4, 2022/11/29, 21:20:16.936, 7051806276324, vstest.console.dll, MulticastDelegateUtilities.SafeInvoke: InternalTestLoggerEvents.SendTestRunStart: Invoking callback 1/1 for Microsoft.VisualStudio.TestPlatform.CommandLine.Internal.ConsoleLogger., took 0 ms.
TpTrace Verbose: 0 : 22812, 1, 2022/11/29, 21:20:16.938, 7051806291489, vstest.console.dll, ParallelProxyExecutionManager: Start execution. Total sources: 1
TpTrace Verbose: 0 : 22812, 1, 2022/11/29, 21:20:16.940, 7051806314739, vstest.console.dll, TestRequestSender is acting as server.
TpTrace Verbose: 0 : 22812, 1, 2022/11/29, 21:20:16.942, 7051806329969, vstest.console.dll, DataCollectionRequestSender.InitializeCommunication : Initialize communication. 
TpTrace Information: 0 : 22812, 1, 2022/11/29, 21:20:16.947, 7051806379716, vstest.console.dll, Listening on Endpoint : 127.0.0.1:51205
TpTrace Verbose: 0 : 22812, 1, 2022/11/29, 21:20:16.960, 7051806513036, vstest.console.dll, DotnetDataCollectionLauncher: Adding  --runtimeconfig "C:\Program Files\dotnet\sdk\7.0.100\datacollector.runtimeconfig.json" in args
TpTrace Verbose: 0 : 22812, 1, 2022/11/29, 21:20:16.960, 7051806515342, vstest.console.dll, DotnetDataCollectionLauncher: Adding  --depsfile "C:\Program Files\dotnet\sdk\7.0.100\datacollector.deps.json" in args
TpTrace Verbose: 0 : 22812, 1, 2022/11/29, 21:20:16.961, 7051806520248, vstest.console.dll, DotnetDataCollectionLauncher: Full path of dotnet.exe is C:\Program Files\dotnet\dotnet.exe
TpTrace Information: 0 : 22812, 1, 2022/11/29, 21:20:16.982, 7051806736862, vstest.console.dll, ProxyDataCollectionManager.Initialize: Launched datacollector processId: 17740 port: 51205
TpTrace Information: 0 : 22812, 1, 2022/11/29, 21:20:16.983, 7051806739500, vstest.console.dll, ProxyDataCollectionManager.Initialize: waiting for connection with timeout: 90 seconds
TpTrace Verbose: 0 : 22812, 1, 2022/11/29, 21:20:16.983, 7051806740605, vstest.console.dll, DataCollectionRequestSender.WaitForRequestHandlerConnection : Waiting for connection with timeout: 90000
TpTrace Information: 0 : 22812, 7, 2022/11/29, 21:20:17.211, 7051809028261, vstest.console.dll, Using the buffer size of 16384 bytes
TpTrace Verbose: 0 : 22812, 1, 2022/11/29, 21:20:17.211, 7051809028812, vstest.console.dll, SocketCommunicationManager.WaitForClientConnection took: 228 ms, with 90000 ms timeout, and finished with True.
TpTrace Information: 0 : 22812, 7, 2022/11/29, 21:20:17.212, 7051809030851, vstest.console.dll, Accepted Client request and set the flag
TpTrace Verbose: 0 : 22812, 1, 2022/11/29, 21:20:17.212, 7051809033138, vstest.console.dll, ProxyDataCollectionManager.InvokeDataCollectionServiceAction: Starting.
TpTrace Information: 0 : 22812, 1, 2022/11/29, 21:20:17.212, 7051809035088, vstest.console.dll, ProxyDataCollectionManager.BeforeTestRunStart: Get environment variable and port for datacollector processId: 17740 port: 51205
TpTrace Verbose: 0 : 22812, 1, 2022/11/29, 21:20:17.212, 7051809037477, vstest.console.dll, DataCollectionRequestSender.SendBeforeTestRunStartAndGetResult: Send BeforeTestRunStart message with settingsXml <RunSettings><RunConfiguration><ResultsDirectory>C:\Projects\NET\Stack\Stack.Tests\bin\Debug\net6.0\fine-code-coverage\coverage-tool-output</ResultsDirectory><TargetPlatform>X64</TargetPlatform><TargetFrameworkVersion>.NETCoreApp,Version=v6.0</TargetFrameworkVersion><DesignMode>False</DesignMode><CollectSourceInformation>False</CollectSourceInformation><TestAdaptersPaths>C:\Program Files\dotnet\sdk\7.0.100\Extensions</TestAdaptersPaths></RunConfiguration><LoggerRunSettings><Loggers><Logger friendlyName="blame" enabled="True" /><Logger friendlyName="Console" uri="logger://microsoft/TestPlatform/ConsoleLogger/v1" assemblyQualifiedName="Microsoft.VisualStudio.TestPlatform.CommandLine.Internal.ConsoleLogger, vstest.console, Version=15.0.0.0, Culture=neutral, PublicKeyToken=b03f5f7f11d50a3a" codeBase="C:\Program Files\dotnet\sdk\7.0.100\vstest.console.dll" enabled="True" /></Loggers></LoggerRunSettings><DataCollectionRunSettings><DataCollectors><DataCollector friendlyName="blame" enabled="True"><Configuration><ResultsDirectory>C:\Projects\NET\Stack\Stack.Tests\bin\Debug\net6.0\fine-code-coverage\coverage-tool-output</ResultsDirectory></Configuration></DataCollector></DataCollectors></DataCollectionRunSettings></RunSettings> and sources System.Collections.Generic.List`1[System.String]: 
TpTrace Verbose: 0 : 22812, 1, 2022/11/29, 21:20:17.341, 7051810322028, vstest.console.dll, DataCollectionRequestSender.SendBeforeTestRunStartAndGetResult: Received message: (DataCollection.SendMessage) -> {"MessageType":"DataCollection.SendMessage","Payload":{"FriendlyName":null,"Uri":null,"TestCaseId":"00000000-0000-0000-0000-000000000000","Message":"Logging DataCollector Diagnostics in file: C:\\Projects\\NET\\Stack\\Stack.Tests\\bin\\Debug\\net6.0\\fine-code-coverage\\coverage-tool-output\\diagnostics.datacollector.22-11-29_21-20-16_95994_1.log","Level":0}}
TpTrace Information: 0 : 22812, 1, 2022/11/29, 21:20:17.359, 7051810501322, vstest.console.dll, AssemblyResolver.OnResolve: Microsoft.VisualStudio.TestPlatform.Common.resources: Resolving assembly.
TpTrace Information: 0 : 22812, 1, 2022/11/29, 21:20:17.359, 7051810502508, vstest.console.dll, AssemblyResolver.OnResolve: Microsoft.VisualStudio.TestPlatform.Common.resources: Searching in: 'C:\Program Files\dotnet\sdk\7.0.100\Extensions'.
TpTrace Information: 0 : 22812, 1, 2022/11/29, 21:20:17.359, 7051810503404, vstest.console.dll, AssemblyResolver.OnResolve: Microsoft.VisualStudio.TestPlatform.Common.resources: Assembly path does not exist: 'C:\Program Files\dotnet\sdk\7.0.100\Extensions\Microsoft.VisualStudio.TestPlatform.Common.resources.dll', returning.
TpTrace Information: 0 : 22812, 1, 2022/11/29, 21:20:17.359, 7051810504231, vstest.console.dll, AssemblyResolver.OnResolve: Microsoft.VisualStudio.TestPlatform.Common.resources: Assembly path does not exist: 'C:\Program Files\dotnet\sdk\7.0.100\Extensions\Microsoft.VisualStudio.TestPlatform.Common.resources.exe', returning.
TpTrace Information: 0 : 22812, 1, 2022/11/29, 21:20:17.359, 7051810504666, vstest.console.dll, AssemblyResolver.OnResolve: Microsoft.VisualStudio.TestPlatform.Common.resources: Searching in: 'C:\Program Files\dotnet\sdk\7.0.100'.
TpTrace Information: 0 : 22812, 1, 2022/11/29, 21:20:17.359, 7051810505360, vstest.console.dll, AssemblyResolver.OnResolve: Microsoft.VisualStudio.TestPlatform.Common.resources: Assembly path does not exist: 'C:\Program Files\dotnet\sdk\7.0.100\Microsoft.VisualStudio.TestPlatform.Common.resources.dll', returning.
TpTrace Information: 0 : 22812, 1, 2022/11/29, 21:20:17.359, 7051810506051, vstest.console.dll, AssemblyResolver.OnResolve: Microsoft.VisualStudio.TestPlatform.Common.resources: Assembly path does not exist: 'C:\Program Files\dotnet\sdk\7.0.100\Microsoft.VisualStudio.TestPlatform.Common.resources.exe', returning.
TpTrace Information: 0 : 22812, 1, 2022/11/29, 21:20:17.359, 7051810506489, vstest.console.dll, AssemblyResolver.OnResolve: Microsoft.VisualStudio.TestPlatform.Common.resources: Failed to load assembly.
TpTrace Verbose: 0 : 22812, 1, 2022/11/29, 21:20:17.481, 7051811724661, vstest.console.dll, DataCollectionRequestSender.SendBeforeTestRunStartAndGetResult: Received message: (DataCollection.BeforeTestRunStartResult) -> {"MessageType":"DataCollection.BeforeTestRunStartResult","Payload":{"EnvironmentVariables":{},"DataCollectionEventsPort":51211}}
TpTrace Information: 0 : 22812, 1, 2022/11/29, 21:20:17.488, 7051811797116, vstest.console.dll, ProxyDataCollectionManager.BeforeTestRunStart: SendBeforeTestRunStartAndGetResult successful, env variable from datacollector:   and testhost port: 51211
TpTrace Information: 0 : 22812, 1, 2022/11/29, 21:20:17.488, 7051811798469, vstest.console.dll, ProxyDataCollectionManager.InvokeDataCollectionServiceAction: Completed.
TpTrace Verbose: 0 : 22812, 1, 2022/11/29, 21:20:17.489, 7051811800171, vstest.console.dll, ProxyParallelExecutionManager: No sources available for execution.
TpTrace Verbose: 0 : 22812, 7, 2022/11/29, 21:20:17.489, 7051811800347, vstest.console.dll, ParallelProxyExecutionManager: Execution started. Started clients: 1
TpTrace Information: 0 : 22812, 1, 2022/11/29, 21:20:17.489, 7051811801321, vstest.console.dll, TestRunRequest.ExecuteAsync: Started.
TpTrace Verbose: 0 : 22812, 1, 2022/11/29, 21:20:17.489, 7051811803958, vstest.console.dll, TestRunRequest.WaitForCompletion: Waiting with timeout -1.
TpTrace Verbose: 0 : 22812, 7, 2022/11/29, 21:20:17.489, 7051811804685, vstest.console.dll, TestRunRequest:SendTestRunMessage: Starting.
TpTrace Verbose: 0 : 22812, 7, 2022/11/29, 21:20:17.489, 7051811806518, vstest.console.dll, MulticastDelegateUtilities.SafeInvoke: TestRun.LogMessages: Invoking callback 1/1 for Microsoft.VisualStudio.TestPlatform.CommandLine.TestRunResultAggregator., took 0 ms.
TpTrace Information: 0 : 22812, 7, 2022/11/29, 21:20:17.489, 7051811807098, vstest.console.dll, TestRunRequest:SendTestRunMessage: Completed.
TpTrace Verbose: 0 : 22812, 4, 2022/11/29, 21:20:17.490, 7051811809031, vstest.console.dll, MulticastDelegateUtilities.SafeInvoke: InternalTestLoggerEvents.SendTestRunMessage: Invoking callback 1/1 for Microsoft.VisualStudio.TestPlatform.CommandLine.Internal.ConsoleLogger., took 0 ms.
TpTrace Verbose: 0 : 22812, 7, 2022/11/29, 21:20:17.490, 7051811809842, vstest.console.dll, ProxyExecutionManager: Test host is always Lazy initialize.
TpTrace Verbose: 0 : 22812, 7, 2022/11/29, 21:20:17.490, 7051811812832, vstest.console.dll, TestRequestSender.InitializeCommunication: initialize communication. 
TpTrace Information: 0 : 22812, 7, 2022/11/29, 21:20:17.491, 7051811819037, vstest.console.dll, SocketServer.Start: Listening on endpoint : 127.0.0.1:51212
TpTrace Verbose: 0 : 22812, 7, 2022/11/29, 21:20:17.492, 7051811829627, vstest.console.dll, DotnetTestHostmanager.GetTestHostProcessStartInfo: Platform environment 'X64' target architecture 'X64' framework '.NETCoreApp,Version=v6.0' OS 'Windows'
TpTrace Verbose: 0 : 22812, 7, 2022/11/29, 21:20:17.492, 7051811832360, vstest.console.dll, DotnetTestHostmanager: Adding  --runtimeconfig "C:\Projects\NET\Stack\Stack.Tests\bin\Debug\net6.0\fine-code-coverage\build-output\Stack.Tests.runtimeconfig.json" in args
TpTrace Verbose: 0 : 22812, 7, 2022/11/29, 21:20:17.492, 7051811833598, vstest.console.dll, DotnetTestHostmanager: Adding  --depsfile "C:\Projects\NET\Stack\Stack.Tests\bin\Debug\net6.0\fine-code-coverage\build-output\Stack.Tests.deps.json" in args
TpTrace Verbose: 0 : 22812, 7, 2022/11/29, 21:20:17.492, 7051811835605, vstest.console.dll, DotnetTestHostmanager.IsWinOnArm: Current PROCESSOR_ARCHITECTURE from environment variable 'AMD64'
TpTrace Verbose: 0 : 22812, 7, 2022/11/29, 21:20:17.492, 7051811836423, vstest.console.dll, DotnetTestHostmanager.IsWinOnArm: Is Windows on ARM 'False'
TpTrace Verbose: 0 : 22812, 7, 2022/11/29, 21:20:17.492, 7051811837496, vstest.console.dll, DotnetTestHostManager: testhost.exe found at path: C:\Projects\NET\Stack\Stack.Tests\bin\Debug\net6.0\fine-code-coverage\build-output\testhost.exe
TpTrace Verbose: 0 : 22812, 7, 2022/11/29, 21:20:17.492, 7051811838174, vstest.console.dll, DotnetTestHostmanager: Full path of host exe is C:\Projects\NET\Stack\Stack.Tests\bin\Debug\net6.0\fine-code-coverage\build-output\testhost.exe
TpTrace Verbose: 0 : 22812, 7, 2022/11/29, 21:20:17.493, 7051811839902, vstest.console.dll, DotnetTestHostmanager.LaunchTestHostAsync: Found 'VSTEST_WINAPPHOST_DOTNET_ROOT' in env variables, value 'C:\Program Files\dotnet', forwarding to 'DOTNET_ROOT'
TpTrace Verbose: 0 : 22812, 7, 2022/11/29, 21:20:17.493, 7051811842186, vstest.console.dll, DotnetTestHostManager: Starting process 'C:\Projects\NET\Stack\Stack.Tests\bin\Debug\net6.0\fine-code-coverage\build-output\testhost.exe' with command line ' --runtimeconfig "C:\Projects\NET\Stack\Stack.Tests\bin\Debug\net6.0\fine-code-coverage\build-output\Stack.Tests.runtimeconfig.json" --depsfile "C:\Projects\NET\Stack\Stack.Tests\bin\Debug\net6.0\fine-code-coverage\build-output\Stack.Tests.deps.json" --port 51212 --endpoint 127.0.0.1:051212 --role client --parentprocessid 22812 --diag "C:\Projects\NET\Stack\Stack.Tests\bin\Debug\net6.0\fine-code-coverage\coverage-tool-output\diagnostics.host.22-11-29_21-20-17_49158_7.log" --tracelevel 4 --datacollectionport 51211 --telemetryoptedin false'
TpTrace Verbose: 0 : 22812, 7, 2022/11/29, 21:20:17.509, 7051812006548, vstest.console.dll, MulticastDelegateUtilities.SafeInvoke: HostProviderEvents.OnHostLaunched: Invoking callback 1/2 for Microsoft.VisualStudio.TestPlatform.CrossPlatEngine.Client.ProxyExecutionManagerWithDataCollection., took 1 ms.
TpTrace Verbose: 0 : 22812, 7, 2022/11/29, 21:20:17.510, 7051812012154, vstest.console.dll, Test Runtime launched
TpTrace Verbose: 0 : 22812, 7, 2022/11/29, 21:20:17.510, 7051812013655, vstest.console.dll, MulticastDelegateUtilities.SafeInvoke: HostProviderEvents.OnHostLaunched: Invoking callback 2/2 for Microsoft.VisualStudio.TestPlatform.CrossPlatEngine.Client.ProxyOperationManager., took 0 ms.
TpTrace Verbose: 0 : 22812, 7, 2022/11/29, 21:20:17.510, 7051812016684, vstest.console.dll, TestRequestSender.WaitForRequestHandlerConnection: waiting for connection with timeout: 90000.
TpTrace Verbose: 0 : 22812, 7, 2022/11/29, 21:20:17.710, 7051814011619, vstest.console.dll, TestRequestSender.WaitForRequestHandlerConnection: waiting took 199 ms, with timeout 90000 ms, and result 0, which is success.
TpTrace Verbose: 0 : 22812, 12, 2022/11/29, 21:20:17.710, 7051814011621, vstest.console.dll, MulticastDelegateUtilities.SafeInvoke: SocketServer: ClientConnected: Invoking callback 1/1 for Microsoft.VisualStudio.TestPlatform.CommunicationUtilities.TestRequestSender., took 0 ms.
TpTrace Verbose: 0 : 22812, 12, 2022/11/29, 21:20:17.710, 7051814015256, vstest.console.dll, SocketServer.OnClientConnected: Client connected for endPoint: 127.0.0.1:51212, starting MessageLoopAsync:
TpTrace Verbose: 0 : 22812, 13, 2022/11/29, 21:20:17.711, 7051814022517, vstest.console.dll, TcpClientExtensions.MessageLoopAsync: Polling on remoteEndPoint: 127.0.0.1:51213 localEndPoint: 127.0.0.1:51212
TpTrace Verbose: 0 : 22812, 7, 2022/11/29, 21:20:17.712, 7051814032416, vstest.console.dll, TestRequestSender.CheckVersionWithTestHost: Sending check version message: {"MessageType":"ProtocolVersion","Payload":7}
TpTrace Verbose: 0 : 22812, 13, 2022/11/29, 21:20:17.903, 7051815945788, vstest.console.dll, TcpClientExtensions.MessageLoopAsync: NotifyDataAvailable remoteEndPoint: 127.0.0.1:51213 localEndPoint: 127.0.0.1:51212
TpTrace Verbose: 0 : 22812, 13, 2022/11/29, 21:20:17.903, 7051815948275, vstest.console.dll, TestRequestSender.CheckVersionWithTestHost: onMessageReceived received message: (ProtocolVersion) -> {"MessageType":"ProtocolVersion","Payload":5}
TpTrace Verbose: 0 : 22812, 13, 2022/11/29, 21:20:17.904, 7051815956921, vstest.console.dll, MulticastDelegateUtilities.SafeInvoke: LengthPrefixCommunicationChannel: MessageReceived: Invoking callback 1/1 for Microsoft.VisualStudio.TestPlatform.CommunicationUtilities.TestRequestSender+<>c__DisplayClass26_0., took 0 ms.
TpTrace Verbose: 0 : 22812, 13, 2022/11/29, 21:20:17.904, 7051815958468, vstest.console.dll, TcpClientExtensions.MessageLoopAsync: Polling on remoteEndPoint: 127.0.0.1:51213 localEndPoint: 127.0.0.1:51212
TpTrace Verbose: 0 : 22812, 7, 2022/11/29, 21:20:17.904, 7051815958410, vstest.console.dll, TestPluginCache.GetExtensionPaths: Filtered extension paths: 
TpTrace Verbose: 0 : 22812, 7, 2022/11/29, 21:20:17.905, 7051815960176, vstest.console.dll, TestPluginCache.GetExtensionPaths: Added default extension paths: C:\Program Files\dotnet\sdk\7.0.100\Extensions\Microsoft.Diagnostics.NETCore.Client.dll
C:\Program Files\dotnet\sdk\7.0.100\Extensions\Microsoft.TestPlatform.Extensions.BlameDataCollector.dll
C:\Program Files\dotnet\sdk\7.0.100\Extensions\Microsoft.TestPlatform.Extensions.EventLogCollector.dll
C:\Program Files\dotnet\sdk\7.0.100\Extensions\Microsoft.TestPlatform.TestHostRuntimeProvider.dll
C:\Program Files\dotnet\sdk\7.0.100\Extensions\Microsoft.VisualStudio.TestPlatform.Extensions.Html.TestLogger.dll
C:\Program Files\dotnet\sdk\7.0.100\Extensions\Microsoft.VisualStudio.TestPlatform.Extensions.Trx.TestLogger.dll
TpTrace Verbose: 0 : 22812, 7, 2022/11/29, 21:20:17.905, 7051815960649, vstest.console.dll, TestPluginCache.GetExtensionPaths: Added unfilterableExtensionPaths: 
TpTrace Verbose: 0 : 22812, 7, 2022/11/29, 21:20:17.912, 7051816031469, vstest.console.dll, TestRequestSender.InitializeExecution: Sending initialize execution with message: {"Version":5,"MessageType":"TestExecution.Initialize","Payload":["C:\\Projects\\NET\\Stack\\Stack.Tests\\bin\\Debug\\net6.0\\fine-code-coverage\\build-output\\NUnit3.TestAdapter.dll"]}
TpTrace Warning: 0 : 22812, 7, 2022/11/29, 21:20:17.913, 7051816041592, vstest.console.dll, InferRunSettingsHelper.MakeRunsettingsCompatible: Removing the following settings: TargetPlatform from RunSettings file. To use those settings please move to latest version of Microsoft.NET.Test.Sdk
TpTrace Verbose: 0 : 22812, 13, 2022/11/29, 21:20:17.922, 7051816137835, vstest.console.dll, TcpClientExtensions.MessageLoopAsync: NotifyDataAvailable remoteEndPoint: 127.0.0.1:51213 localEndPoint: 127.0.0.1:51212
TpTrace Verbose: 0 : 22812, 13, 2022/11/29, 21:20:17.923, 7051816143666, vstest.console.dll, TestRequestSender.OnExecutionMessageReceived: Received message: {"Version":5,"MessageType":"TestSession.Message","Payload":{"MessageLevel":0,"Message":"Ведение журналов диагностики TestHost в файле: C:\\Projects\\NET\\Stack\\Stack.Tests\\bin\\Debug\\net6.0\\fine-code-coverage\\coverage-tool-output\\diagnostics.host.22-11-29_21-20-17_49158_7.log"}}
TpTrace Verbose: 0 : 22812, 7, 2022/11/29, 21:20:17.923, 7051816147711, vstest.console.dll, TestRequestSender.StartTestRun: Sending test run with message: {"Version":5,"MessageType":"TestExecution.StartWithSources","Payload":{"AdapterSourceMap":{"_none_":["C:\\Projects\\NET\\Stack\\Stack.Tests\\bin\\Debug\\net6.0\\fine-code-coverage\\build-output\\Stack.Tests.dll"]},"RunSettings":"<RunSettings>\r\n  <RunConfiguration>\r\n    <ResultsDirectory>C:\\Projects\\NET\\Stack\\Stack.Tests\\bin\\Debug\\net6.0\\fine-code-coverage\\coverage-tool-output</ResultsDirectory>\r\n    <TargetFrameworkVersion>.NETCoreApp,Version=v6.0</TargetFrameworkVersion>\r\n    <DesignMode>False</DesignMode>\r\n    <CollectSourceInformation>False</CollectSourceInformation>\r\n  </RunConfiguration>\r\n  <LoggerRunSettings>\r\n    <Loggers>\r\n      <Logger friendlyName=\"blame\" enabled=\"True\" />\r\n      <Logger friendlyName=\"Console\" uri=\"logger://microsoft/TestPlatform/ConsoleLogger/v1\" assemblyQualifiedName=\"Microsoft.VisualStudio.TestPlatform.CommandLine.Internal.ConsoleLogger, vstest.console, Version=15.0.0.0, Culture=neutral, PublicKeyToken=b03f5f7f11d50a3a\" codeBase=\"C:\\Program Files\\dotnet\\sdk\\7.0.100\\vstest.console.dll\" enabled=\"True\" />\r\n    </Loggers>\r\n  </LoggerRunSettings>\r\n  <DataCollectionRunSettings>\r\n    <DataCollectors>\r\n      <DataCollector friendlyName=\"blame\" enabled=\"True\">\r\n        <Configuration>\r\n          <ResultsDirectory>C:\\Projects\\NET\\Stack\\Stack.Tests\\bin\\Debug\\net6.0\\fine-code-coverage\\coverage-tool-output</ResultsDirectory>\r\n        </Configuration>\r\n      </DataCollector>\r\n    </DataCollectors>\r\n  </DataCollectionRunSettings>\r\n</RunSettings>","TestExecutionContext":{"FrequencyOfRunStatsChangeEvent":10,"RunStatsChangeEventTimeout":"00:00:01.5000000","InIsolation":false,"KeepAlive":false,"AreTestCaseLevelEventsRequired":false,"IsDebug":false,"TestCaseFilter":null,"FilterOptions":null},"Package":null}}
TpTrace Verbose: 0 : 22812, 13, 2022/11/29, 21:20:17.928, 7051816197425, vstest.console.dll, TestRunRequest:SendTestRunMessage: Starting.
TpTrace Verbose: 0 : 22812, 13, 2022/11/29, 21:20:17.929, 7051816200269, vstest.console.dll, MulticastDelegateUtilities.SafeInvoke: TestRun.LogMessages: Invoking callback 1/1 for Microsoft.VisualStudio.TestPlatform.CommandLine.TestRunResultAggregator., took 0 ms.
TpTrace Verbose: 0 : 22812, 4, 2022/11/29, 21:20:17.929, 7051816200684, vstest.console.dll, MulticastDelegateUtilities.SafeInvoke: InternalTestLoggerEvents.SendTestRunMessage: Invoking callback 1/1 for Microsoft.VisualStudio.TestPlatform.CommandLine.Internal.ConsoleLogger., took 0 ms.
TpTrace Information: 0 : 22812, 13, 2022/11/29, 21:20:17.929, 7051816201337, vstest.console.dll, TestRunRequest:SendTestRunMessage: Completed.
TpTrace Verbose: 0 : 22812, 13, 2022/11/29, 21:20:17.929, 7051816203694, vstest.console.dll, MulticastDelegateUtilities.SafeInvoke: LengthPrefixCommunicationChannel: MessageReceived: Invoking callback 1/1 for Microsoft.VisualStudio.TestPlatform.CommunicationUtilities.TestRequestSender+<>c__DisplayClass31_0., took 6 ms.
TpTrace Verbose: 0 : 22812, 13, 2022/11/29, 21:20:17.929, 7051816204593, vstest.console.dll, TcpClientExtensions.MessageLoopAsync: Polling on remoteEndPoint: 127.0.0.1:51213 localEndPoint: 127.0.0.1:51212
TpTrace Verbose: 0 : 22812, 13, 2022/11/29, 21:20:18.147, 7051818388672, vstest.console.dll, TcpClientExtensions.MessageLoopAsync: NotifyDataAvailable remoteEndPoint: 127.0.0.1:51213 localEndPoint: 127.0.0.1:51212
TpTrace Verbose: 0 : 22812, 13, 2022/11/29, 21:20:18.148, 7051818390778, vstest.console.dll, TestRequestSender.OnExecutionMessageReceived: Received message: {"Version":5,"MessageType":"TestSession.Message","Payload":{"MessageLevel":0,"Message":"NUnit Adapter 4.0.0.0: Test execution started"}}
TpTrace Verbose: 0 : 22812, 13, 2022/11/29, 21:20:18.148, 7051818395002, vstest.console.dll, TestRunRequest:SendTestRunMessage: Starting.
TpTrace Verbose: 0 : 22812, 13, 2022/11/29, 21:20:18.148, 7051818396418, vstest.console.dll, MulticastDelegateUtilities.SafeInvoke: TestRun.LogMessages: Invoking callback 1/1 for Microsoft.VisualStudio.TestPlatform.CommandLine.TestRunResultAggregator., took 0 ms.
TpTrace Information: 0 : 22812, 13, 2022/11/29, 21:20:18.148, 7051818396888, vstest.console.dll, TestRunRequest:SendTestRunMessage: Completed.
TpTrace Verbose: 0 : 22812, 4, 2022/11/29, 21:20:18.148, 7051818397064, vstest.console.dll, MulticastDelegateUtilities.SafeInvoke: InternalTestLoggerEvents.SendTestRunMessage: Invoking callback 1/1 for Microsoft.VisualStudio.TestPlatform.CommandLine.Internal.ConsoleLogger., took 0 ms.
TpTrace Verbose: 0 : 22812, 13, 2022/11/29, 21:20:18.148, 7051818397289, vstest.console.dll, MulticastDelegateUtilities.SafeInvoke: LengthPrefixCommunicationChannel: MessageReceived: Invoking callback 1/1 for Microsoft.VisualStudio.TestPlatform.CommunicationUtilities.TestRequestSender+<>c__DisplayClass31_0., took 0 ms.
TpTrace Verbose: 0 : 22812, 13, 2022/11/29, 21:20:18.149, 7051818399928, vstest.console.dll, TcpClientExtensions.MessageLoopAsync: Polling on remoteEndPoint: 127.0.0.1:51213 localEndPoint: 127.0.0.1:51212
TpTrace Verbose: 0 : 22812, 13, 2022/11/29, 21:20:18.186, 7051818771903, vstest.console.dll, TcpClientExtensions.MessageLoopAsync: NotifyDataAvailable remoteEndPoint: 127.0.0.1:51213 localEndPoint: 127.0.0.1:51212
TpTrace Verbose: 0 : 22812, 13, 2022/11/29, 21:20:18.186, 7051818773538, vstest.console.dll, TestRequestSender.OnExecutionMessageReceived: Received message: {"Version":5,"MessageType":"TestSession.Message","Payload":{"MessageLevel":0,"Message":"Running all tests in C:\\Projects\\NET\\Stack\\Stack.Tests\\bin\\Debug\\net6.0\\fine-code-coverage\\build-output\\Stack.Tests.dll"}}
TpTrace Verbose: 0 : 22812, 13, 2022/11/29, 21:20:18.186, 7051818775038, vstest.console.dll, TestRunRequest:SendTestRunMessage: Starting.
TpTrace Verbose: 0 : 22812, 13, 2022/11/29, 21:20:18.186, 7051818775945, vstest.console.dll, MulticastDelegateUtilities.SafeInvoke: TestRun.LogMessages: Invoking callback 1/1 for Microsoft.VisualStudio.TestPlatform.CommandLine.TestRunResultAggregator., took 0 ms.
TpTrace Information: 0 : 22812, 13, 2022/11/29, 21:20:18.186, 7051818776313, vstest.console.dll, TestRunRequest:SendTestRunMessage: Completed.
TpTrace Verbose: 0 : 22812, 4, 2022/11/29, 21:20:18.186, 7051818776444, vstest.console.dll, MulticastDelegateUtilities.SafeInvoke: InternalTestLoggerEvents.SendTestRunMessage: Invoking callback 1/1 for Microsoft.VisualStudio.TestPlatform.CommandLine.Internal.ConsoleLogger., took 0 ms.
TpTrace Verbose: 0 : 22812, 13, 2022/11/29, 21:20:18.186, 7051818776691, vstest.console.dll, MulticastDelegateUtilities.SafeInvoke: LengthPrefixCommunicationChannel: MessageReceived: Invoking callback 1/1 for Microsoft.VisualStudio.TestPlatform.CommunicationUtilities.TestRequestSender+<>c__DisplayClass31_0., took 0 ms.
TpTrace Verbose: 0 : 22812, 13, 2022/11/29, 21:20:18.186, 7051818778600, vstest.console.dll, TcpClientExtensions.MessageLoopAsync: Polling on remoteEndPoint: 127.0.0.1:51213 localEndPoint: 127.0.0.1:51212
TpTrace Verbose: 0 : 22812, 13, 2022/11/29, 21:20:18.416, 7051821070696, vstest.console.dll, TcpClientExtensions.MessageLoopAsync: NotifyDataAvailable remoteEndPoint: 127.0.0.1:51213 localEndPoint: 127.0.0.1:51212
TpTrace Verbose: 0 : 22812, 13, 2022/11/29, 21:20:18.416, 7051821073455, vstest.console.dll, TestRequestSender.OnExecutionMessageReceived: Received message: {"Version":5,"MessageType":"TestSession.Message","Payload":{"MessageLevel":0,"Message":"   NUnit3TestExecutor discovered 21 of 21 NUnit test cases using Current Discovery mode, Non-Explicit run"}}
TpTrace Verbose: 0 : 22812, 13, 2022/11/29, 21:20:18.416, 7051821075976, vstest.console.dll, TestRunRequest:SendTestRunMessage: Starting.
TpTrace Verbose: 0 : 22812, 13, 2022/11/29, 21:20:18.416, 7051821077417, vstest.console.dll, MulticastDelegateUtilities.SafeInvoke: TestRun.LogMessages: Invoking callback 1/1 for Microsoft.VisualStudio.TestPlatform.CommandLine.TestRunResultAggregator., took 0 ms.
TpTrace Verbose: 0 : 22812, 4, 2022/11/29, 21:20:18.416, 7051821077703, vstest.console.dll, MulticastDelegateUtilities.SafeInvoke: InternalTestLoggerEvents.SendTestRunMessage: Invoking callback 1/1 for Microsoft.VisualStudio.TestPlatform.CommandLine.Internal.ConsoleLogger., took 0 ms.
TpTrace Information: 0 : 22812, 13, 2022/11/29, 21:20:18.416, 7051821078496, vstest.console.dll, TestRunRequest:SendTestRunMessage: Completed.
TpTrace Verbose: 0 : 22812, 13, 2022/11/29, 21:20:18.417, 7051821080595, vstest.console.dll, MulticastDelegateUtilities.SafeInvoke: LengthPrefixCommunicationChannel: MessageReceived: Invoking callback 1/1 for Microsoft.VisualStudio.TestPlatform.CommunicationUtilities.TestRequestSender+<>c__DisplayClass31_0., took 0 ms.
TpTrace Verbose: 0 : 22812, 13, 2022/11/29, 21:20:18.417, 7051821081290, vstest.console.dll, TcpClientExtensions.MessageLoopAsync: Polling on remoteEndPoint: 127.0.0.1:51213 localEndPoint: 127.0.0.1:51212
TpTrace Verbose: 0 : 22812, 13, 2022/11/29, 21:20:18.825, 7051825163138, vstest.console.dll, TcpClientExtensions.MessageLoopAsync: NotifyDataAvailable remoteEndPoint: 127.0.0.1:51213 localEndPoint: 127.0.0.1:51212
TpTrace Verbose: 0 : 22812, 13, 2022/11/29, 21:20:18.825, 7051825166857, vstest.console.dll, TestRequestSender.OnExecutionMessageReceived: Received message: {"Version":5,"MessageType":"TestExecution.StatsChange","Payload":{"NewTestResults":[{"TestCase":{"Id":"919b4f38-fbec-6b6e-cbc0-48e07b97cb5d","FullyQualifiedName":"Stack.Tests.StackTests.Clear_GetCount_Return0","DisplayName":"Clear_GetCount_Return0","ExecutorUri":"executor://NUnit3TestExecutor","Source":"C:\\Projects\\NET\\Stack\\Stack.Tests\\bin\\Debug\\net6.0\\fine-code-coverage\\build-output\\Stack.Tests.dll","CodeFilePath":null,"LineNumber":0,"Properties":[{"Key":{"Id":"NUnit.Seed","Label":"Seed","Category":"","Description":"","Attributes":0,"ValueType":"System.String"},"Value":"820313320"}]},"Attachments":[],"Outcome":1,"ErrorMessage":null,"ErrorStackTrace":null,"DisplayName":"Clear_GetCount_Return0","Messages":[],"ComputerName":"YAROSLAV","Duration":"00:00:00.0308570","StartTime":"2022-11-29T19:20:18.4779151+00:00","EndTime":"2022-11-29T19:20:18.5085933+00:00","Properties":[{"Key":{"Id":"NUnit.Seed","Label":"Seed","Category":"","Description":"","Attributes":0,"ValueType":"System.String"},"Value":"820313320"}]},{"TestCase":{"Id":"84c39523-fcf0-5577-9fe3-8cc5f3e04133","FullyQualifiedName":"Stack.Tests.StackTests.Contains_PushNull_ThrowArgumentNullExceptionWithParameterData","DisplayName":"Contains_PushNull_ThrowArgumentNullExceptionWithParameterData","ExecutorUri":"executor://NUnit3TestExecutor","Source":"C:\\Projects\\NET\\Stack\\Stack.Tests\\bin\\Debug\\net6.0\\fine-code-coverage\\build-output\\Stack.Tests.dll","CodeFilePath":null,"LineNumber":0,"Properties":[{"Key":{"Id":"NUnit.Seed","Label":"Seed","Category":"","Description":"","Attributes":0,"ValueType":"System.String"},"Value":"1340203266"}]},"Attachments":[],"Outcome":1,"ErrorMessage":null,"ErrorStackTrace":null,"DisplayName":"Contains_PushNull_ThrowArgumentNullExceptionWithParameterData","Messages":[],"ComputerName":"YAROSLAV","Duration":"00:00:00.0135950","StartTime":"2022-11-29T19:20:18.5121272+00:00","EndTime":"2022-11-29T19:20:18.5257214+00:00","Properties":[{"Key":{"Id":"NUnit.Seed","Label":"Seed","Category":"","Description":"","Attributes":0,"ValueType":"System.String"},"Value":"1340203266"}]},{"TestCase":{"Id":"59d7f088-5597-3010-4e88-ec50ef98d6e9","FullyQualifiedName":"Stack.Tests.StackTests.Contains5_Push5_ReturnTrue","DisplayName":"Contains5_Push5_ReturnTrue","ExecutorUri":"executor://NUnit3TestExecutor","Source":"C:\\Projects\\NET\\Stack\\Stack.Tests\\bin\\Debug\\net6.0\\fine-code-coverage\\build-output\\Stack.Tests.dll","CodeFilePath":null,"LineNumber":0,"Properties":[{"Key":{"Id":"NUnit.Seed","Label":"Seed","Category":"","Description":"","Attributes":0,"ValueType":"System.String"},"Value":"930918217"}]},"Attachments":[],"Outcome":1,"ErrorMessage":null,"ErrorStackTrace":null,"DisplayName":"Contains5_Push5_ReturnTrue","Messages":[],"ComputerName":"YAROSLAV","Duration":"00:00:00.0010349","StartTime":"2022-11-29T19:20:18.525761+00:00","EndTime":"2022-11-29T19:20:18.5267956+00:00","Properties":[{"Key":{"Id":"NUnit.Seed","Label":"Seed","Category":"","Description":"","Attributes":0,"ValueType":"System.String"},"Value":"930918217"}]},{"TestCase":{"Id":"86253f3d-a541-8f7f-913e-30714d6b9434","FullyQualifiedName":"Stack.Tests.StackTests.CopyTo_ArrayEmpty_ThrowArgumentNullExceptionWithParameterArray","DisplayName":"CopyTo_ArrayEmpty_ThrowArgumentNullExceptionWithParameterArray","ExecutorUri":"executor://NUnit3TestExecutor","Source":"C:\\Projects\\NET\\Stack\\Stack.Tests\\bin\\Debug\\net6.0\\fine-code-coverage\\build-output\\Stack.Tests.dll","CodeFilePath":null,"LineNumber":0,"Properties":[{"Key":{"Id":"NUnit.Seed","Label":"Seed","Category":"","Description":"","Attributes":0,"ValueType":"System.String"},"Value":"494532499"}]},"Attachments":[],"Outcome":1,"ErrorMessage":null,"ErrorStackTrace":null,"DisplayName":"CopyTo_ArrayEmpty_ThrowArgumentNullExceptionWithParameterArray","Messages":[],"ComputerName":"YAROSLAV","Duration":"00:00:00.0012320","StartTime":"2022-11-29T19:20:18.5268146+00:00","EndTime":"2022-11-29T19:20:18.5280456+00:00","Properties":[{"Key":{"Id":"NUnit.Seed","Label":"Seed","Category":"","Description":"","Attributes":0,"ValueType":"System.String"},"Value":"494532499"}]},{"TestCase":{"Id":"d10eb00b-9aa9-6094-ec34-e36d88f875c5","FullyQualifiedName":"Stack.Tests.StackTests.CopyTo_CopyStackToArray_ArrayEquivalentToExpected","DisplayName":"CopyTo_CopyStackToArray_ArrayEquivalentToExpected","ExecutorUri":"executor://NUnit3TestExecutor","Source":"C:\\Projects\\NET\\Stack\\Stack.Tests\\bin\\Debug\\net6.0\\fine-code-coverage\\build-output\\Stack.Tests.dll","CodeFilePath":null,"LineNumber":0,"Properties":[{"Key":{"Id":"NUnit.Seed","Label":"Seed","Category":"","Description":"","Attributes":0,"ValueType":"System.String"},"Value":"1034116077"}]},"Attachments":[],"Outcome":1,"ErrorMessage":null,"ErrorStackTrace":null,"DisplayName":"CopyTo_CopyStackToArray_ArrayEquivalentToExpected","Messages":[],"ComputerName":"YAROSLAV","Duration":"00:00:00.2273800","StartTime":"2022-11-29T19:20:18.5280721+00:00","EndTime":"2022-11-29T19:20:18.7554508+00:00","Properties":[{"Key":{"Id":"NUnit.Seed","Label":"Seed","Category":"","Description":"","Attributes":0,"ValueType":"System.String"},"Value":"1034116077"}]},{"TestCase":{"Id":"9dddc5a3-ba84-9dc6-9f43-fe769f660804","FullyQualifiedName":"Stack.Tests.StackTests.CopyTo_IndexLessThen0_ThrowArgumentOutOfRangeExceptionWithParameterIndex","DisplayName":"CopyTo_IndexLessThen0_ThrowArgumentOutOfRangeExceptionWithParameterIndex","ExecutorUri":"executor://NUnit3TestExecutor","Source":"C:\\Projects\\NET\\Stack\\Stack.Tests\\bin\\Debug\\net6.0\\fine-code-coverage\\build-output\\Stack.Tests.dll","CodeFilePath":null,"LineNumber":0,"Properties":[{"Key":{"Id":"NUnit.Seed","Label":"Seed","Category":"","Description":"","Attributes":0,"ValueType":"System.String"},"Value":"1911292388"}]},"Attachments":[],"Outcome":1,"ErrorMessage":null,"ErrorStackTrace":null,"DisplayName":"CopyTo_IndexLessThen0_ThrowArgumentOutOfRangeExceptionWithParameterIndex","Messages":[],"ComputerName":"YAROSLAV","Duration":"00:00:00.0012680","StartTime":"2022-11-29T19:20:18.7554922+00:00","EndTime":"2022-11-29T19:20:18.7567594+00:00","Properties":[{"Key":{"Id":"NUnit.Seed","Label":"Seed","Category":"","Description":"","Attributes":0,"ValueType":"System.String"},"Value":"1911292388"}]},{"TestCase":{"Id":"523ebed0-f17f-333e-b07c-5e17744c1321","FullyQualifiedName":"Stack.Tests.StackTests.CopyTo_LengthOfArrayMinusIndexLessThen0_ThrowArgumentOutOfRangeExceptionWithParameterIndex","DisplayName":"CopyTo_LengthOfArrayMinusIndexLessThen0_ThrowArgumentOutOfRangeExceptionWithParameterIndex","ExecutorUri":"executor://NUnit3TestExecutor","Source":"C:\\Projects\\NET\\Stack\\Stack.Tests\\bin\\Debug\\net6.0\\fine-code-coverage\\build-output\\Stack.Tests.dll","CodeFilePath":null,"LineNumber":0,"Properties":[{"Key":{"Id":"NUnit.Seed","Label":"Seed","Category":"","Description":"","Attributes":0,"ValueType":"System.String"},"Value":"896068809"}]},"Attachments":[],"Outcome":1,"ErrorMessage":null,"ErrorStackTrace":null,"DisplayName":"CopyTo_LengthOfArrayMinusIndexLessThen0_ThrowArgumentOutOfRangeExceptionWithParameterIndex","Messages":[],"ComputerName":"YAROSLAV","Duration":"00:00:00.0008870","StartTime":"2022-11-29T19:20:18.7567853+00:00","EndTime":"2022-11-29T19:20:18.7576715+00:00","Properties":[{"Key":{"Id":"NUnit.Seed","Label":"Seed","Category":"","Description":"","Attributes":0,"ValueType":"System.String"},"Value":"896068809"}]},{"TestCase":{"Id":"e2f1c0d9-a587-4d05-d774-2473f8a9f658","FullyQualifiedName":"Stack.Tests.StackTests.CopyTo_RankNotEqual1_ThrowArgumentExceptionWithParameterRank","DisplayName":"CopyTo_RankNotEqual1_ThrowArgumentExceptionWithParameterRank","ExecutorUri":"executor://NUnit3TestExecutor","Source":"C:\\Projects\\NET\\Stack\\Stack.Tests\\bin\\Debug\\net6.0\\fine-code-coverage\\build-output\\Stack.Tests.dll","CodeFilePath":null,"LineNumber":0,"Properties":[{"Key":{"Id":"NUnit.Seed","Label":"Seed","Category":"","Description":"","Attributes":0,"ValueType":"System.String"},"Value":"1668282084"}]},"Attachments":[],"Outcome":1,"ErrorMessage":null,"ErrorStackTrace":null,"DisplayName":"CopyTo_RankNotEqual1_ThrowArgumentExceptionWithParameterRank","Messages":[],"ComputerName":"YAROSLAV","Duration":"00:00:00.0065930","StartTime":"2022-11-29T19:20:18.7576896+00:00","EndTime":"2022-11-29T19:20:18.7642816+00:00","Properties":[{"Key":{"Id":"NUnit.Seed","Label":"Seed","Category":"","Description":"","Attributes":0,"ValueType":"System.String"},"Value":"1668282084"}]},{"TestCase":{"Id":"7906ab58-5140-b3e9-a9da-e1322065146a","FullyQualifiedName":"Stack.Tests.StackTests.CopyTo_StackEmpty_ArrayEmpty","DisplayName":"CopyTo_StackEmpty_ArrayEmpty","ExecutorUri":"executor://NUnit3TestExecutor","Source":"C:\\Projects\\NET\\Stack\\Stack.Tests\\bin\\Debug\\net6.0\\fine-code-coverage\\build-output\\Stack.Tests.dll","CodeFilePath":null,"LineNumber":0,"Properties":[{"Key":{"Id":"NUnit.Seed","Label":"Seed","Category":"","Description":"","Attributes":0,"ValueType":"System.String"},"Value":"873858957"}]},"Attachments":[],"Outcome":1,"ErrorMessage":null,"ErrorStackTrace":null,"DisplayName":"CopyTo_StackEmpty_ArrayEmpty","Messages":[],"ComputerName":"YAROSLAV","Duration":"00:00:00.0037510","StartTime":"2022-11-29T19:20:18.7643093+00:00","EndTime":"2022-11-29T19:20:18.7680599+00:00","Properties":[{"Key":{"Id":"NUnit.Seed","Label":"Seed","Category":"","Description":"","Attributes":0,"ValueType":"System.String"},"Value":"873858957"}]}],"TestRunStatistics":{"ExecutedTests":9,"Stats":{"Passed":9}},"ActiveTests":[{"Id":"ff5b6280-d3a4-0bc6-85aa-39b42367ad2f","FullyQualifiedName":"Stack.Tests.StackTests.Count_Push2Elements_Return2","DisplayName":"Count_Push2Elements_Return2","ExecutorUri":"executor://NUnit3TestExecutor","Source":"C:\\Projects\\NET\\Stack\\Stack.Tests\\bin\\Debug\\net6.0\\fine-code-coverage\\build-output\\Stack.Tests.dll","CodeFilePath":null,"LineNumber":0,"Properties":[{"Key":{"Id":"NUnit.Seed","Label":"Seed","Category":"","Description":"","Attributes":0,"ValueType":"System.String"},"Value":"403200430"}]}]}}
TpTrace Verbose: 0 : 22812, 13, 2022/11/29, 21:20:18.863, 7051825547929, vstest.console.dll, TestRunRequest:SendTestRunStatsChange: Starting.
TpTrace Verbose: 0 : 22812, 13, 2022/11/29, 21:20:18.864, 7051825550744, vstest.console.dll, InProgress is Count_Push2Elements_Return2
TpTrace Verbose: 0 : 22812, 13, 2022/11/29, 21:20:18.864, 7051825554984, vstest.console.dll, MulticastDelegateUtilities.SafeInvoke: TestRun.RunStatsChanged: Invoking callbacks was skipped because there are no subscribers.
TpTrace Information: 0 : 22812, 13, 2022/11/29, 21:20:18.864, 7051825555636, vstest.console.dll, TestRunRequest:SendTestRunStatsChange: Completed.
TpTrace Verbose: 0 : 22812, 13, 2022/11/29, 21:20:18.864, 7051825556073, vstest.console.dll, MulticastDelegateUtilities.SafeInvoke: LengthPrefixCommunicationChannel: MessageReceived: Invoking callback 1/1 for Microsoft.VisualStudio.TestPlatform.CommunicationUtilities.TestRequestSender+<>c__DisplayClass31_0., took 38 ms.
TpTrace Verbose: 0 : 22812, 13, 2022/11/29, 21:20:18.864, 7051825556520, vstest.console.dll, TcpClientExtensions.MessageLoopAsync: Polling on remoteEndPoint: 127.0.0.1:51213 localEndPoint: 127.0.0.1:51212
TpTrace Verbose: 0 : 22812, 13, 2022/11/29, 21:20:18.865, 7051825560417, vstest.console.dll, TcpClientExtensions.MessageLoopAsync: NotifyDataAvailable remoteEndPoint: 127.0.0.1:51213 localEndPoint: 127.0.0.1:51212
TpTrace Verbose: 0 : 22812, 13, 2022/11/29, 21:20:18.865, 7051825563437, vstest.console.dll, TestRequestSender.OnExecutionMessageReceived: Received message: {"Version":5,"MessageType":"TestExecution.StatsChange","Payload":{"NewTestResults":[{"TestCase":{"Id":"ff5b6280-d3a4-0bc6-85aa-39b42367ad2f","FullyQualifiedName":"Stack.Tests.StackTests.Count_Push2Elements_Return2","DisplayName":"Count_Push2Elements_Return2","ExecutorUri":"executor://NUnit3TestExecutor","Source":"C:\\Projects\\NET\\Stack\\Stack.Tests\\bin\\Debug\\net6.0\\fine-code-coverage\\build-output\\Stack.Tests.dll","CodeFilePath":null,"LineNumber":0,"Properties":[{"Key":{"Id":"NUnit.Seed","Label":"Seed","Category":"","Description":"","Attributes":0,"ValueType":"System.String"},"Value":"403200430"}]},"Attachments":[],"Outcome":1,"ErrorMessage":null,"ErrorStackTrace":null,"DisplayName":"Count_Push2Elements_Return2","Messages":[],"ComputerName":"YAROSLAV","Duration":"00:00:00.0003020","StartTime":"2022-11-29T19:20:18.7681047+00:00","EndTime":"2022-11-29T19:20:18.768407+00:00","Properties":[{"Key":{"Id":"NUnit.Seed","Label":"Seed","Category":"","Description":"","Attributes":0,"ValueType":"System.String"},"Value":"403200430"}]},{"TestCase":{"Id":"b28f8c7b-4a8e-239d-2318-79f0a271c6b9","FullyQualifiedName":"Stack.Tests.StackTests.GetEnumerator","DisplayName":"GetEnumerator","ExecutorUri":"executor://NUnit3TestExecutor","Source":"C:\\Projects\\NET\\Stack\\Stack.Tests\\bin\\Debug\\net6.0\\fine-code-coverage\\build-output\\Stack.Tests.dll","CodeFilePath":null,"LineNumber":0,"Properties":[{"Key":{"Id":"NUnit.Seed","Label":"Seed","Category":"","Description":"","Attributes":0,"ValueType":"System.String"},"Value":"512638142"}]},"Attachments":[],"Outcome":1,"ErrorMessage":null,"ErrorStackTrace":null,"DisplayName":"GetEnumerator","Messages":[],"ComputerName":"YAROSLAV","Duration":"00:00:00.0012380","StartTime":"2022-11-29T19:20:18.7684249+00:00","EndTime":"2022-11-29T19:20:18.7696624+00:00","Properties":[{"Key":{"Id":"NUnit.Seed","Label":"Seed","Category":"","Description":"","Attributes":0,"ValueType":"System.String"},"Value":"512638142"}]},{"TestCase":{"Id":"7079c115-2107-2153-caf5-7b95876a5e07","FullyQualifiedName":"Stack.Tests.StackTests.IEnumerableTGetEnumerator","DisplayName":"IEnumerableTGetEnumerator","ExecutorUri":"executor://NUnit3TestExecutor","Source":"C:\\Projects\\NET\\Stack\\Stack.Tests\\bin\\Debug\\net6.0\\fine-code-coverage\\build-output\\Stack.Tests.dll","CodeFilePath":null,"LineNumber":0,"Properties":[{"Key":{"Id":"NUnit.Seed","Label":"Seed","Category":"","Description":"","Attributes":0,"ValueType":"System.String"},"Value":"1028207077"}]},"Attachments":[],"Outcome":2,"ErrorMessage":"System.InvalidCastException : Unable to cast object of type '<GetEnumerator>d__16[System.Int32]' to type 'System.Collections.Generic.IEnumerator`1[System.Int32]'.","ErrorStackTrace":"   at Stack.Stack`1.System.Collections.Generic.IEnumerable<T>.GetEnumerator() in C:\\Projects\\NET\\Stack\\Stack\\Stack.cs:line 130\r\n   at Stack.Tests.StackTests.IEnumerableTGetEnumerator() in C:\\Projects\\NET\\Stack\\Stack.Tests\\StackTests.cs:line 258","DisplayName":"IEnumerableTGetEnumerator","Messages":[],"ComputerName":"YAROSLAV","Duration":"00:00:00.0102660","StartTime":"2022-11-29T19:20:18.7696856+00:00","EndTime":"2022-11-29T19:20:18.7799509+00:00","Properties":[{"Key":{"Id":"NUnit.Seed","Label":"Seed","Category":"","Description":"","Attributes":0,"ValueType":"System.String"},"Value":"1028207077"}]},{"TestCase":{"Id":"c018bb22-57b4-e928-65f5-780d8b834aee","FullyQualifiedName":"Stack.Tests.StackTests.IsSynchronized_ReturnFalse","DisplayName":"IsSynchronized_ReturnFalse","ExecutorUri":"executor://NUnit3TestExecutor","Source":"C:\\Projects\\NET\\Stack\\Stack.Tests\\bin\\Debug\\net6.0\\fine-code-coverage\\build-output\\Stack.Tests.dll","CodeFilePath":null,"LineNumber":0,"Properties":[{"Key":{"Id":"NUnit.Seed","Label":"Seed","Category":"","Description":"","Attributes":0,"ValueType":"System.String"},"Value":"541091433"}]},"Attachments":[],"Outcome":1,"ErrorMessage":null,"ErrorStackTrace":null,"DisplayName":"IsSynchronized_ReturnFalse","Messages":[],"ComputerName":"YAROSLAV","Duration":"00:00:00.0006040","StartTime":"2022-11-29T19:20:18.780125+00:00","EndTime":"2022-11-29T19:20:18.7807291+00:00","Properties":[{"Key":{"Id":"NUnit.Seed","Label":"Seed","Category":"","Description":"","Attributes":0,"ValueType":"System.String"},"Value":"541091433"}]},{"TestCase":{"Id":"02835b4e-97b3-d770-7153-64021c110faa","FullyQualifiedName":"Stack.Tests.StackTests.Peek_PeekInEmptyStack_ThrowInvalidOperationExceptionWithMessageEmpty","DisplayName":"Peek_PeekInEmptyStack_ThrowInvalidOperationExceptionWithMessageEmpty","ExecutorUri":"executor://NUnit3TestExecutor","Source":"C:\\Projects\\NET\\Stack\\Stack.Tests\\bin\\Debug\\net6.0\\fine-code-coverage\\build-output\\Stack.Tests.dll","CodeFilePath":null,"LineNumber":0,"Properties":[{"Key":{"Id":"NUnit.Seed","Label":"Seed","Category":"","Description":"","Attributes":0,"ValueType":"System.String"},"Value":"914559144"}]},"Attachments":[],"Outcome":1,"ErrorMessage":null,"ErrorStackTrace":null,"DisplayName":"Peek_PeekInEmptyStack_ThrowInvalidOperationExceptionWithMessageEmpty","Messages":[],"ComputerName":"YAROSLAV","Duration":"00:00:00.0014220","StartTime":"2022-11-29T19:20:18.7807478+00:00","EndTime":"2022-11-29T19:20:18.7821698+00:00","Properties":[{"Key":{"Id":"NUnit.Seed","Label":"Seed","Category":"","Description":"","Attributes":0,"ValueType":"System.String"},"Value":"914559144"}]},{"TestCase":{"Id":"3583a83c-268b-a757-9ddb-db9f970c1924","FullyQualifiedName":"Stack.Tests.StackTests.Pop_PopInEmptyStack_ThrowInvalidOperationExceptionWithMessageEmpty","DisplayName":"Pop_PopInEmptyStack_ThrowInvalidOperationExceptionWithMessageEmpty","ExecutorUri":"executor://NUnit3TestExecutor","Source":"C:\\Projects\\NET\\Stack\\Stack.Tests\\bin\\Debug\\net6.0\\fine-code-coverage\\build-output\\Stack.Tests.dll","CodeFilePath":null,"LineNumber":0,"Properties":[{"Key":{"Id":"NUnit.Seed","Label":"Seed","Category":"","Description":"","Attributes":0,"ValueType":"System.String"},"Value":"443611463"}]},"Attachments":[],"Outcome":1,"ErrorMessage":null,"ErrorStackTrace":null,"DisplayName":"Pop_PopInEmptyStack_ThrowInvalidOperationExceptionWithMessageEmpty","Messages":[],"ComputerName":"YAROSLAV","Duration":"00:00:00.0010080","StartTime":"2022-11-29T19:20:18.7821924+00:00","EndTime":"2022-11-29T19:20:18.7831998+00:00","Properties":[{"Key":{"Id":"NUnit.Seed","Label":"Seed","Category":"","Description":"","Attributes":0,"ValueType":"System.String"},"Value":"443611463"}]},{"TestCase":{"Id":"c5651b7a-97b2-508a-6a70-6d3eca4ca7a3","FullyQualifiedName":"Stack.Tests.StackTests.Push_PushNull_ThrowArgumentNullExceptionWithParameterData","DisplayName":"Push_PushNull_ThrowArgumentNullExceptionWithParameterData","ExecutorUri":"executor://NUnit3TestExecutor","Source":"C:\\Projects\\NET\\Stack\\Stack.Tests\\bin\\Debug\\net6.0\\fine-code-coverage\\build-output\\Stack.Tests.dll","CodeFilePath":null,"LineNumber":0,"Properties":[{"Key":{"Id":"NUnit.Seed","Label":"Seed","Category":"","Description":"","Attributes":0,"ValueType":"System.String"},"Value":"660670975"}]},"Attachments":[],"Outcome":1,"ErrorMessage":null,"ErrorStackTrace":null,"DisplayName":"Push_PushNull_ThrowArgumentNullExceptionWithParameterData","Messages":[],"ComputerName":"YAROSLAV","Duration":"00:00:00.0010510","StartTime":"2022-11-29T19:20:18.7832196+00:00","EndTime":"2022-11-29T19:20:18.7842706+00:00","Properties":[{"Key":{"Id":"NUnit.Seed","Label":"Seed","Category":"","Description":"","Attributes":0,"ValueType":"System.String"},"Value":"660670975"}]},{"TestCase":{"Id":"69467aee-403d-5302-6aab-230e4816fe8e","FullyQualifiedName":"Stack.Tests.StackTests.Push0_PeekLastElem_Return0","DisplayName":"Push0_PeekLastElem_Return0","ExecutorUri":"executor://NUnit3TestExecutor","Source":"C:\\Projects\\NET\\Stack\\Stack.Tests\\bin\\Debug\\net6.0\\fine-code-coverage\\build-output\\Stack.Tests.dll","CodeFilePath":null,"LineNumber":0,"Properties":[{"Key":{"Id":"NUnit.Seed","Label":"Seed","Category":"","Description":"","Attributes":0,"ValueType":"System.String"},"Value":"1923762031"}]},"Attachments":[],"Outcome":1,"ErrorMessage":null,"ErrorStackTrace":null,"DisplayName":"Push0_PeekLastElem_Return0","Messages":[],"ComputerName":"YAROSLAV","Duration":"00:00:00.0002460","StartTime":"2022-11-29T19:20:18.7842985+00:00","EndTime":"2022-11-29T19:20:18.7845448+00:00","Properties":[{"Key":{"Id":"NUnit.Seed","Label":"Seed","Category":"","Description":"","Attributes":0,"ValueType":"System.String"},"Value":"1923762031"}]},{"TestCase":{"Id":"3eb863f5-9d80-8a2b-7de0-8c2dd3e0531c","FullyQualifiedName":"Stack.Tests.StackTests.Push10_PopLastElem_Return10","DisplayName":"Push10_PopLastElem_Return10","ExecutorUri":"executor://NUnit3TestExecutor","Source":"C:\\Projects\\NET\\Stack\\Stack.Tests\\bin\\Debug\\net6.0\\fine-code-coverage\\build-output\\Stack.Tests.dll","CodeFilePath":null,"LineNumber":0,"Properties":[{"Key":{"Id":"NUnit.Seed","Label":"Seed","Category":"","Description":"","Attributes":0,"ValueType":"System.String"},"Value":"1621255596"}]},"Attachments":[],"Outcome":1,"ErrorMessage":null,"ErrorStackTrace":null,"DisplayName":"Push10_PopLastElem_Return10","Messages":[],"ComputerName":"YAROSLAV","Duration":"00:00:00.0004430","StartTime":"2022-11-29T19:20:18.7845608+00:00","EndTime":"2022-11-29T19:20:18.7850035+00:00","Properties":[{"Key":{"Id":"NUnit.Seed","Label":"Seed","Category":"","Description":"","Attributes":0,"ValueType":"System.String"},"Value":"1621255596"}]}],"TestRunStatistics":{"ExecutedTests":18,"Stats":{"Passed":17,"Failed":1}},"ActiveTests":[{"Id":"b4c58891-aa18-9d27-af42-6644f1305d38","FullyQualifiedName":"Stack.Tests.StackTests.Push5And2_PopLastElem_Return2","DisplayName":"Push5And2_PopLastElem_Return2","ExecutorUri":"executor://NUnit3TestExecutor","Source":"C:\\Projects\\NET\\Stack\\Stack.Tests\\bin\\Debug\\net6.0\\fine-code-coverage\\build-output\\Stack.Tests.dll","CodeFilePath":null,"LineNumber":0,"Properties":[{"Key":{"Id":"NUnit.Seed","Label":"Seed","Category":"","Description":"","Attributes":0,"ValueType":"System.String"},"Value":"940063815"}]}]}}
TpTrace Verbose: 0 : 22812, 13, 2022/11/29, 21:20:18.867, 7051825582951, vstest.console.dll, TestRunRequest:SendTestRunStatsChange: Starting.
TpTrace Verbose: 0 : 22812, 13, 2022/11/29, 21:20:18.867, 7051825583841, vstest.console.dll, InProgress is Push5And2_PopLastElem_Return2
TpTrace Verbose: 0 : 22812, 13, 2022/11/29, 21:20:18.867, 7051825585061, vstest.console.dll, MulticastDelegateUtilities.SafeInvoke: TestRun.RunStatsChanged: Invoking callbacks was skipped because there are no subscribers.
TpTrace Information: 0 : 22812, 13, 2022/11/29, 21:20:18.867, 7051825585549, vstest.console.dll, TestRunRequest:SendTestRunStatsChange: Completed.
TpTrace Verbose: 0 : 22812, 13, 2022/11/29, 21:20:18.867, 7051825586437, vstest.console.dll, MulticastDelegateUtilities.SafeInvoke: LengthPrefixCommunicationChannel: MessageReceived: Invoking callback 1/1 for Microsoft.VisualStudio.TestPlatform.CommunicationUtilities.TestRequestSender+<>c__DisplayClass31_0., took 2 ms.
TpTrace Verbose: 0 : 22812, 13, 2022/11/29, 21:20:18.867, 7051825587011, vstest.console.dll, TcpClientExtensions.MessageLoopAsync: Polling on remoteEndPoint: 127.0.0.1:51213 localEndPoint: 127.0.0.1:51212
TpTrace Verbose: 0 : 22812, 4, 2022/11/29, 21:20:18.867, 7051825587868, vstest.console.dll, MulticastDelegateUtilities.SafeInvoke: InternalTestLoggerEvents.SendTestResult: Invoking callback 1/1 for Microsoft.VisualStudio.TestPlatform.CommandLine.Internal.ConsoleLogger., took 3 ms.
TpTrace Verbose: 0 : 22812, 4, 2022/11/29, 21:20:18.868, 7051825591373, vstest.console.dll, MulticastDelegateUtilities.SafeInvoke: InternalTestLoggerEvents.SendTestResult: Invoking callback 1/1 for Microsoft.VisualStudio.TestPlatform.CommandLine.Internal.ConsoleLogger., took 0 ms.
TpTrace Verbose: 0 : 22812, 4, 2022/11/29, 21:20:18.868, 7051825592259, vstest.console.dll, MulticastDelegateUtilities.SafeInvoke: InternalTestLoggerEvents.SendTestResult: Invoking callback 1/1 for Microsoft.VisualStudio.TestPlatform.CommandLine.Internal.ConsoleLogger., took 0 ms.
TpTrace Verbose: 0 : 22812, 4, 2022/11/29, 21:20:18.868, 7051825592871, vstest.console.dll, MulticastDelegateUtilities.SafeInvoke: InternalTestLoggerEvents.SendTestResult: Invoking callback 1/1 for Microsoft.VisualStudio.TestPlatform.CommandLine.Internal.ConsoleLogger., took 0 ms.
TpTrace Verbose: 0 : 22812, 4, 2022/11/29, 21:20:18.868, 7051825593437, vstest.console.dll, MulticastDelegateUtilities.SafeInvoke: InternalTestLoggerEvents.SendTestResult: Invoking callback 1/1 for Microsoft.VisualStudio.TestPlatform.CommandLine.Internal.ConsoleLogger., took 0 ms.
TpTrace Verbose: 0 : 22812, 4, 2022/11/29, 21:20:18.868, 7051825593970, vstest.console.dll, MulticastDelegateUtilities.SafeInvoke: InternalTestLoggerEvents.SendTestResult: Invoking callback 1/1 for Microsoft.VisualStudio.TestPlatform.CommandLine.Internal.ConsoleLogger., took 0 ms.
TpTrace Verbose: 0 : 22812, 4, 2022/11/29, 21:20:18.868, 7051825594528, vstest.console.dll, MulticastDelegateUtilities.SafeInvoke: InternalTestLoggerEvents.SendTestResult: Invoking callback 1/1 for Microsoft.VisualStudio.TestPlatform.CommandLine.Internal.ConsoleLogger., took 0 ms.
TpTrace Verbose: 0 : 22812, 4, 2022/11/29, 21:20:18.868, 7051825595086, vstest.console.dll, MulticastDelegateUtilities.SafeInvoke: InternalTestLoggerEvents.SendTestResult: Invoking callback 1/1 for Microsoft.VisualStudio.TestPlatform.CommandLine.Internal.ConsoleLogger., took 0 ms.
TpTrace Verbose: 0 : 22812, 4, 2022/11/29, 21:20:18.868, 7051825595727, vstest.console.dll, MulticastDelegateUtilities.SafeInvoke: InternalTestLoggerEvents.SendTestResult: Invoking callback 1/1 for Microsoft.VisualStudio.TestPlatform.CommandLine.Internal.ConsoleLogger., took 0 ms.
TpTrace Verbose: 0 : 22812, 4, 2022/11/29, 21:20:18.868, 7051825596480, vstest.console.dll, MulticastDelegateUtilities.SafeInvoke: InternalTestLoggerEvents.SendTestResult: Invoking callback 1/1 for Microsoft.VisualStudio.TestPlatform.CommandLine.Internal.ConsoleLogger., took 0 ms.
TpTrace Verbose: 0 : 22812, 4, 2022/11/29, 21:20:18.868, 7051825597037, vstest.console.dll, MulticastDelegateUtilities.SafeInvoke: InternalTestLoggerEvents.SendTestResult: Invoking callback 1/1 for Microsoft.VisualStudio.TestPlatform.CommandLine.Internal.ConsoleLogger., took 0 ms.
TpTrace Verbose: 0 : 22812, 4, 2022/11/29, 21:20:18.869, 7051825607098, vstest.console.dll, MulticastDelegateUtilities.SafeInvoke: InternalTestLoggerEvents.SendTestResult: Invoking callback 1/1 for Microsoft.VisualStudio.TestPlatform.CommandLine.Internal.ConsoleLogger., took 0 ms.
TpTrace Verbose: 0 : 22812, 4, 2022/11/29, 21:20:18.869, 7051825608319, vstest.console.dll, MulticastDelegateUtilities.SafeInvoke: InternalTestLoggerEvents.SendTestResult: Invoking callback 1/1 for Microsoft.VisualStudio.TestPlatform.CommandLine.Internal.ConsoleLogger., took 0 ms.
TpTrace Verbose: 0 : 22812, 4, 2022/11/29, 21:20:18.870, 7051825608991, vstest.console.dll, MulticastDelegateUtilities.SafeInvoke: InternalTestLoggerEvents.SendTestResult: Invoking callback 1/1 for Microsoft.VisualStudio.TestPlatform.CommandLine.Internal.ConsoleLogger., took 0 ms.
TpTrace Verbose: 0 : 22812, 4, 2022/11/29, 21:20:18.871, 7051825621949, vstest.console.dll, MulticastDelegateUtilities.SafeInvoke: InternalTestLoggerEvents.SendTestResult: Invoking callback 1/1 for Microsoft.VisualStudio.TestPlatform.CommandLine.Internal.ConsoleLogger., took 1 ms.
TpTrace Verbose: 0 : 22812, 4, 2022/11/29, 21:20:18.871, 7051825623335, vstest.console.dll, MulticastDelegateUtilities.SafeInvoke: InternalTestLoggerEvents.SendTestResult: Invoking callback 1/1 for Microsoft.VisualStudio.TestPlatform.CommandLine.Internal.ConsoleLogger., took 0 ms.
TpTrace Verbose: 0 : 22812, 4, 2022/11/29, 21:20:18.871, 7051825623949, vstest.console.dll, MulticastDelegateUtilities.SafeInvoke: InternalTestLoggerEvents.SendTestResult: Invoking callback 1/1 for Microsoft.VisualStudio.TestPlatform.CommandLine.Internal.ConsoleLogger., took 0 ms.
TpTrace Verbose: 0 : 22812, 4, 2022/11/29, 21:20:18.871, 7051825625079, vstest.console.dll, MulticastDelegateUtilities.SafeInvoke: InternalTestLoggerEvents.SendTestResult: Invoking callback 1/1 for Microsoft.VisualStudio.TestPlatform.CommandLine.Internal.ConsoleLogger., took 0 ms.
TpTrace Verbose: 0 : 22812, 13, 2022/11/29, 21:20:18.884, 7051825758446, vstest.console.dll, TcpClientExtensions.MessageLoopAsync: NotifyDataAvailable remoteEndPoint: 127.0.0.1:51213 localEndPoint: 127.0.0.1:51212
TpTrace Verbose: 0 : 22812, 13, 2022/11/29, 21:20:18.885, 7051825760267, vstest.console.dll, TestRequestSender.OnExecutionMessageReceived: Received message: {"Version":5,"MessageType":"TestSession.Message","Payload":{"MessageLevel":0,"Message":"NUnit Adapter 4.0.0.0: Test execution complete"}}
TpTrace Verbose: 0 : 22812, 13, 2022/11/29, 21:20:18.885, 7051825761859, vstest.console.dll, TestRunRequest:SendTestRunMessage: Starting.
TpTrace Verbose: 0 : 22812, 13, 2022/11/29, 21:20:18.885, 7051825762713, vstest.console.dll, MulticastDelegateUtilities.SafeInvoke: TestRun.LogMessages: Invoking callback 1/1 for Microsoft.VisualStudio.TestPlatform.CommandLine.TestRunResultAggregator., took 0 ms.
TpTrace Information: 0 : 22812, 13, 2022/11/29, 21:20:18.885, 7051825763166, vstest.console.dll, TestRunRequest:SendTestRunMessage: Completed.
TpTrace Verbose: 0 : 22812, 4, 2022/11/29, 21:20:18.885, 7051825763497, vstest.console.dll, MulticastDelegateUtilities.SafeInvoke: InternalTestLoggerEvents.SendTestRunMessage: Invoking callback 1/1 for Microsoft.VisualStudio.TestPlatform.CommandLine.Internal.ConsoleLogger., took 0 ms.
TpTrace Verbose: 0 : 22812, 13, 2022/11/29, 21:20:18.885, 7051825763614, vstest.console.dll, MulticastDelegateUtilities.SafeInvoke: LengthPrefixCommunicationChannel: MessageReceived: Invoking callback 1/1 for Microsoft.VisualStudio.TestPlatform.CommunicationUtilities.TestRequestSender+<>c__DisplayClass31_0., took 0 ms.
TpTrace Verbose: 0 : 22812, 13, 2022/11/29, 21:20:18.885, 7051825765458, vstest.console.dll, TcpClientExtensions.MessageLoopAsync: Polling on remoteEndPoint: 127.0.0.1:51213 localEndPoint: 127.0.0.1:51212
TpTrace Verbose: 0 : 22812, 13, 2022/11/29, 21:20:18.905, 7051825963122, vstest.console.dll, TcpClientExtensions.MessageLoopAsync: NotifyDataAvailable remoteEndPoint: 127.0.0.1:51213 localEndPoint: 127.0.0.1:51212
TpTrace Verbose: 0 : 22812, 13, 2022/11/29, 21:20:18.905, 7051825965460, vstest.console.dll, TestRequestSender.OnExecutionMessageReceived: Received message: {"Version":5,"MessageType":"TestExecution.Completed","Payload":{"TestRunCompleteArgs":{"TestRunStatistics":{"ExecutedTests":21,"Stats":{"Passed":20,"Failed":1}},"IsCanceled":false,"IsAborted":false,"Error":null,"AttachmentSets":[],"ElapsedTimeInRunningTests":"00:00:00.7598815","Metrics":{}},"LastRunTests":{"NewTestResults":[{"TestCase":{"Id":"b4c58891-aa18-9d27-af42-6644f1305d38","FullyQualifiedName":"Stack.Tests.StackTests.Push5And2_PopLastElem_Return2","DisplayName":"Push5And2_PopLastElem_Return2","ExecutorUri":"executor://NUnit3TestExecutor","Source":"C:\\Projects\\NET\\Stack\\Stack.Tests\\bin\\Debug\\net6.0\\fine-code-coverage\\build-output\\Stack.Tests.dll","CodeFilePath":null,"LineNumber":0,"Properties":[{"Key":{"Id":"NUnit.Seed","Label":"Seed","Category":"","Description":"","Attributes":0,"ValueType":"System.String"},"Value":"940063815"}]},"Attachments":[],"Outcome":1,"ErrorMessage":null,"ErrorStackTrace":null,"DisplayName":"Push5And2_PopLastElem_Return2","Messages":[],"ComputerName":"YAROSLAV","Duration":"00:00:00.0003869","StartTime":"2022-11-29T19:20:18.7850357+00:00","EndTime":"2022-11-29T19:20:18.7854228+00:00","Properties":[{"Key":{"Id":"NUnit.Seed","Label":"Seed","Category":"","Description":"","Attributes":0,"ValueType":"System.String"},"Value":"940063815"}]},{"TestCase":{"Id":"a1ae515a-dc76-ed53-6ab6-81ba353a4f15","FullyQualifiedName":"Stack.Tests.StackTests.SyncRoot_ReturnSyncRoot","DisplayName":"SyncRoot_ReturnSyncRoot","ExecutorUri":"executor://NUnit3TestExecutor","Source":"C:\\Projects\\NET\\Stack\\Stack.Tests\\bin\\Debug\\net6.0\\fine-code-coverage\\build-output\\Stack.Tests.dll","CodeFilePath":null,"LineNumber":0,"Properties":[{"Key":{"Id":"NUnit.Seed","Label":"Seed","Category":"","Description":"","Attributes":0,"ValueType":"System.String"},"Value":"2010278573"}]},"Attachments":[],"Outcome":1,"ErrorMessage":null,"ErrorStackTrace":null,"DisplayName":"SyncRoot_ReturnSyncRoot","Messages":[],"ComputerName":"YAROSLAV","Duration":"00:00:00.0024849","StartTime":"2022-11-29T19:20:18.7854422+00:00","EndTime":"2022-11-29T19:20:18.7879267+00:00","Properties":[{"Key":{"Id":"NUnit.Seed","Label":"Seed","Category":"","Description":"","Attributes":0,"ValueType":"System.String"},"Value":"2010278573"}]},{"TestCase":{"Id":"12236fa2-6de4-c157-5af7-130507fbac89","FullyQualifiedName":"Stack.Tests.StackTests.ToArray_CopyStackToArray_CopiedArrayHasExpectedValue","DisplayName":"ToArray_CopyStackToArray_CopiedArrayHasExpectedValue","ExecutorUri":"executor://NUnit3TestExecutor","Source":"C:\\Projects\\NET\\Stack\\Stack.Tests\\bin\\Debug\\net6.0\\fine-code-coverage\\build-output\\Stack.Tests.dll","CodeFilePath":null,"LineNumber":0,"Properties":[{"Key":{"Id":"NUnit.Seed","Label":"Seed","Category":"","Description":"","Attributes":0,"ValueType":"System.String"},"Value":"1613382444"}]},"Attachments":[],"Outcome":1,"ErrorMessage":null,"ErrorStackTrace":null,"DisplayName":"ToArray_CopyStackToArray_CopiedArrayHasExpectedValue","Messages":[],"ComputerName":"YAROSLAV","Duration":"00:00:00.0024260","StartTime":"2022-11-29T19:20:18.787955+00:00","EndTime":"2022-11-29T19:20:18.7903808+00:00","Properties":[{"Key":{"Id":"NUnit.Seed","Label":"Seed","Category":"","Description":"","Attributes":0,"ValueType":"System.String"},"Value":"1613382444"}]}],"TestRunStatistics":{"ExecutedTests":21,"Stats":{"Passed":20,"Failed":1}},"ActiveTests":[]},"RunAttachments":[],"ExecutorUris":["executor://nunit3testexecutor/"]}}
TpTrace Verbose: 0 : 22812, 13, 2022/11/29, 21:20:18.905, 7051825966764, vstest.console.dll, TestRequestSender.EndSession: Sending end session.
TpTrace Verbose: 0 : 22812, 13, 2022/11/29, 21:20:18.906, 7051825968900, vstest.console.dll, ProxyOperationManager.Close: waiting for test host to exit for 100 ms
TpTrace Warning: 0 : 22812, 11, 2022/11/29, 21:20:18.932, 7051826235219, vstest.console.dll, TestHostManagerCallbacks.ErrorReceivedCallback Test host standard error line: 
TpTrace Verbose: 0 : 22812, 11, 2022/11/29, 21:20:18.943, 7051826343996, vstest.console.dll, TestHostProvider.ExitCallBack: Host exited starting callback.
TpTrace Information: 0 : 22812, 11, 2022/11/29, 21:20:18.943, 7051826346353, vstest.console.dll, TestHostManagerCallbacks.ExitCallBack: Testhost processId: 10396 exited with exitcode: 0 error: ''
TpTrace Verbose: 0 : 22812, 11, 2022/11/29, 21:20:18.943, 7051826346984, vstest.console.dll, DotnetTestHostManager.OnHostExited: invoking OnHostExited callback
TpTrace Verbose: 0 : 22812, 11, 2022/11/29, 21:20:18.943, 7051826347744, vstest.console.dll, CrossPlatEngine.TestHostManagerHostExited: calling on client process exit callback.
TpTrace Information: 0 : 22812, 11, 2022/11/29, 21:20:18.943, 7051826348427, vstest.console.dll, TestRequestSender.OnClientProcessExit: Test host process exited. Standard error: 
TpTrace Information: 0 : 22812, 11, 2022/11/29, 21:20:18.944, 7051826348957, vstest.console.dll, SocketServer.Stop: Stop server endPoint: 127.0.0.1:51212
TpTrace Information: 0 : 22812, 11, 2022/11/29, 21:20:18.944, 7051826349319, vstest.console.dll, SocketServer.Stop: Cancellation requested. Stopping message loop.
TpTrace Information: 0 : 22812, 13, 2022/11/29, 21:20:18.944, 7051826350255, vstest.console.dll, SocketServer.Stop: Stop server endPoint: 127.0.0.1:51212
TpTrace Information: 0 : 22812, 13, 2022/11/29, 21:20:18.944, 7051826351129, vstest.console.dll, SocketServer.Stop: Cancellation requested. Stopping message loop.
TpTrace Verbose: 0 : 22812, 11, 2022/11/29, 21:20:18.944, 7051826350593, vstest.console.dll, MulticastDelegateUtilities.SafeInvoke: HostProviderEvents.OnHostExited: Invoking callback 1/1 for Microsoft.VisualStudio.TestPlatform.CrossPlatEngine.Client.ProxyOperationManager., took 0 ms.
TpTrace Information: 0 : 22812, 13, 2022/11/29, 21:20:18.944, 7051826351710, vstest.console.dll, Closing the connection
TpTrace Verbose: 0 : 22812, 13, 2022/11/29, 21:20:18.944, 7051826355647, vstest.console.dll, ProxyDataCollectionManager.InvokeDataCollectionServiceAction: Starting.
TpTrace Information: 0 : 22812, 13, 2022/11/29, 21:20:18.944, 7051826356326, vstest.console.dll, ProxyDataCollectionManager.AfterTestRunEnd: Get attachment set and invoked data collectors processId: 17740 port: 51205
TpTrace Verbose: 0 : 22812, 13, 2022/11/29, 21:20:18.944, 7051826356929, vstest.console.dll, DataCollectionRequestSender.SendAfterTestRunStartAndGetResult: Send AfterTestRunEnd message with isCancelled: False
TpTrace Verbose: 0 : 22812, 13, 2022/11/29, 21:20:18.955, 7051826464154, vstest.console.dll, DataCollectionRequestSender.SendAfterTestRunStartAndGetResult: Received message: (DataCollection.AfterTestRunEndResult) -> {"MessageType":"DataCollection.AfterTestRunEndResult","Payload":{"AttachmentSets":[],"InvokedDataCollectors":[{"Uri":"datacollector://Microsoft/TestPlatform/Extensions/Blame/v1","FriendlyName":"Blame","AssemblyQualifiedName":"Microsoft.TestPlatform.Extensions.BlameDataCollector.BlameCollector, Microsoft.TestPlatform.Extensions.BlameDataCollector, Version=15.0.0.0, Culture=neutral, PublicKeyToken=b03f5f7f11d50a3a","FilePath":"C:\\Program Files\\dotnet\\sdk\\7.0.100\\Extensions\\Microsoft.TestPlatform.Extensions.BlameDataCollector.dll","HasAttachmentProcessor":false}],"Metrics":{}}}
TpTrace Warning: 0 : 22812, 9, 2022/11/29, 21:20:18.961, 7051826519115, vstest.console.dll, DataCollectionLauncher.ErrorReceivedCallback datacollector standard error line: 
TpTrace Information: 0 : 22812, 13, 2022/11/29, 21:20:18.964, 7051826558418, vstest.console.dll, ProxyDataCollectionManager.InvokeDataCollectionServiceAction: Completed.
TpTrace Information: 0 : 22812, 9, 2022/11/29, 21:20:18.970, 7051826617499, vstest.console.dll, DataCollectionLauncher.ExitCallBack: Data collector exited with exitcode: 0 error: ''
TpTrace Verbose: 0 : 22812, 13, 2022/11/29, 21:20:19.015, 7051827067875, vstest.console.dll, TestRunRequest:SendTestRunStatsChange: Starting.
TpTrace Verbose: 0 : 22812, 13, 2022/11/29, 21:20:19.016, 7051827068958, vstest.console.dll, MulticastDelegateUtilities.SafeInvoke: TestRun.RunStatsChanged: Invoking callbacks was skipped because there are no subscribers.
TpTrace Information: 0 : 22812, 13, 2022/11/29, 21:20:19.016, 7051827069269, vstest.console.dll, TestRunRequest:SendTestRunStatsChange: Completed.
TpTrace Verbose: 0 : 22812, 4, 2022/11/29, 21:20:19.016, 7051827069950, vstest.console.dll, MulticastDelegateUtilities.SafeInvoke: InternalTestLoggerEvents.SendTestResult: Invoking callback 1/1 for Microsoft.VisualStudio.TestPlatform.CommandLine.Internal.ConsoleLogger., took 0 ms.
TpTrace Verbose: 0 : 22812, 4, 2022/11/29, 21:20:19.016, 7051827070768, vstest.console.dll, MulticastDelegateUtilities.SafeInvoke: InternalTestLoggerEvents.SendTestResult: Invoking callback 1/1 for Microsoft.VisualStudio.TestPlatform.CommandLine.Internal.ConsoleLogger., took 0 ms.
TpTrace Verbose: 0 : 22812, 4, 2022/11/29, 21:20:19.016, 7051827071235, vstest.console.dll, MulticastDelegateUtilities.SafeInvoke: InternalTestLoggerEvents.SendTestResult: Invoking callback 1/1 for Microsoft.VisualStudio.TestPlatform.CommandLine.Internal.ConsoleLogger., took 0 ms.
TpTrace Verbose: 0 : 22812, 13, 2022/11/29, 21:20:19.016, 7051827073284, vstest.console.dll, ParallelProxyExecutionManager: HandlePartialRunComplete: Total completed clients = 1, Run complete = True, Run canceled: False.
TpTrace Verbose: 0 : 22812, 4, 2022/11/29, 21:20:19.032, 7051827235441, vstest.console.dll, MulticastDelegateUtilities.SafeInvoke: InternalTestLoggerEvents.SendTestRunComplete: Invoking callback 1/2 for Microsoft.TestPlatform.Extensions.BlameDataCollector.BlameLogger., took 0 ms.
TpTrace Verbose: 0 : 22812, 4, 2022/11/29, 21:20:19.039, 7051827304886, vstest.console.dll, MulticastDelegateUtilities.SafeInvoke: InternalTestLoggerEvents.SendTestRunComplete: Invoking callback 2/2 for Microsoft.VisualStudio.TestPlatform.CommandLine.Internal.ConsoleLogger., took 6 ms.
TpTrace Verbose: 0 : 22812, 13, 2022/11/29, 21:20:19.040, 7051827310642, vstest.console.dll, TestRunRequest:TestRunComplete: Starting. IsAborted:False IsCanceled:False.
TpTrace Verbose: 0 : 22812, 13, 2022/11/29, 21:20:19.041, 7051827326592, vstest.console.dll, TestLoggerManager.HandleTestRunComplete: Ignoring as the object is disposed.
TpTrace Verbose: 0 : 22812, 13, 2022/11/29, 21:20:19.042, 7051827329910, vstest.console.dll, MulticastDelegateUtilities.SafeInvoke: TestRun.TestRunComplete: Invoking callback 1/2 for Microsoft.VisualStudio.TestPlatform.CommandLine.TestRunResultAggregator., took 0 ms.
TpTrace Verbose: 0 : 22812, 13, 2022/11/29, 21:20:19.042, 7051827331901, vstest.console.dll, MulticastDelegateUtilities.SafeInvoke: TestRun.TestRunComplete: Invoking callback 2/2 for Microsoft.VisualStudio.TestPlatform.CommandLine.Processors.RunTestsArgumentExecutor+TestRunRequestEventsRegistrar., took 0 ms.
TpTrace Information: 0 : 22812, 13, 2022/11/29, 21:20:19.042, 7051827333176, vstest.console.dll, TestRunRequest:TestRunComplete: Completed.
TpTrace Verbose: 0 : 22812, 13, 2022/11/29, 21:20:19.042, 7051827333865, vstest.console.dll, TestRequestSender.SetOperationComplete: Setting operation complete.
TpTrace Information: 0 : 22812, 13, 2022/11/29, 21:20:19.042, 7051827334213, vstest.console.dll, SocketServer.Stop: Stop server endPoint: 127.0.0.1:51212
TpTrace Information: 0 : 22812, 13, 2022/11/29, 21:20:19.042, 7051827334559, vstest.console.dll, SocketServer.Stop: Cancellation requested. Stopping message loop.
TpTrace Verbose: 0 : 22812, 1, 2022/11/29, 21:20:19.042, 7051827334744, vstest.console.dll, TestRunRequest.Dispose: Starting.
TpTrace Information: 0 : 22812, 1, 2022/11/29, 21:20:19.042, 7051827335630, vstest.console.dll, TestRunRequest.Dispose: Completed.
TpTrace Verbose: 0 : 22812, 13, 2022/11/29, 21:20:19.042, 7051827334920, vstest.console.dll, MulticastDelegateUtilities.SafeInvoke: LengthPrefixCommunicationChannel: MessageReceived: Invoking callback 1/1 for Microsoft.VisualStudio.TestPlatform.CommunicationUtilities.TestRequestSender+<>c__DisplayClass31_0., took 136 ms.
TpTrace Information: 0 : 22812, 13, 2022/11/29, 21:20:19.042, 7051827337061, vstest.console.dll, SocketServer.PrivateStop: Stopping server endPoint: 127.0.0.1:51212 error: 
TpTrace Information: 0 : 22812, 1, 2022/11/29, 21:20:19.042, 7051827336150, vstest.console.dll, TestRequestManager.RunTests: run tests completed.
TpTrace Information: 0 : 22812, 1, 2022/11/29, 21:20:19.043, 7051827340101, vstest.console.dll, RunTestsArgumentProcessor:Execute: Test run is completed.
TpTrace Verbose: 0 : 22812, 13, 2022/11/29, 21:20:19.043, 7051827342845, vstest.console.dll, LengthPrefixCommunicationChannel.Dispose: Dispose reader and writer.
TpTrace Information: 0 : 22812, 13, 2022/11/29, 21:20:19.043, 7051827343735, vstest.console.dll, SocketServer.Stop: Raise disconnected event endPoint: 127.0.0.1:51212 error: 
TpTrace Verbose: 0 : 22812, 1, 2022/11/29, 21:20:19.043, 7051827342903, vstest.console.dll, Executor.Execute: Exiting with exit code of 1
TpTrace Verbose: 0 : 22812, 13, 2022/11/29, 21:20:19.043, 7051827344762, vstest.console.dll, TestRequestSender: OnTestRunAbort: Operation is already complete. Skip error message.
TpTrace Verbose: 0 : 22812, 13, 2022/11/29, 21:20:19.043, 7051827346473, vstest.console.dll, MulticastDelegateUtilities.SafeInvoke: SocketServer: ClientDisconnected: Invoking callback 1/1 for Microsoft.VisualStudio.TestPlatform.CommunicationUtilities.TestRequestSender., took 0 ms.
TpTrace Verbose: 0 : 22812, 13, 2022/11/29, 21:20:19.043, 7051827346909, vstest.console.dll, TcpClientExtensions.MessageLoopAsync: exiting MessageLoopAsync remoteEndPoint: 127.0.0.1:51213 localEndPoint: 127.0.0.1:51212
